


ARM Macro Assembler    Page 1 


    1 00000000         ;/*
    2 00000000         ; * Copyright (c) 2016-2018 ARM Limited
    3 00000000         ; *
    4 00000000         ; * Licensed under the Apache License, Version 2.0 (the 
                       "License");
    5 00000000         ; * you may not use this file except in compliance with 
                       the License.
    6 00000000         ; * You may obtain a copy of the License at
    7 00000000         ; *
    8 00000000         ; *     http://www.apache.org/licenses/LICENSE-2.0
    9 00000000         ; *
   10 00000000         ; * Unless required by applicable law or agreed to in wr
                       iting, software
   11 00000000         ; * distributed under the License is distributed on an "
                       AS IS" BASIS,
   12 00000000         ; * WITHOUT WARRANTIES OR CONDITIONS OF ANY KIND, either
                        express or implied.
   13 00000000         ; * See the License for the specific language governing 
                       permissions and
   14 00000000         ; * limitations under the License.
   15 00000000         ; */
   16 00000000         ;
   17 00000000         ; This file is derivative of CMSIS V5.00 startup_ARMv8MM
                       L.s
   18 00000000         
   19 00000000         ;/*
   20 00000000         ;//-------- <<< Use Configuration Wizard in Context Menu
                        >>> ------------------
   21 00000000         ;*/
   22 00000000         
   23 00000000         
   24 00000000         ; <h> Stack Configuration
   25 00000000         ;   <o> Stack Size (in Bytes) <0x0-0xFFFFFFFF:8>
   26 00000000         ; </h>
   27 00000000                 IMPORT           |Image$$ARM_LIB_STACK_MSP$$ZI$$
Limit|
   28 00000000                 IMPORT           |Image$$ARM_LIB_STACK$$ZI$$Limi
t|
   29 00000000         
   30 00000000         
   31 00000000         ; Vector Table Mapped to Address 0 at Reset
   32 00000000         
   33 00000000                 AREA             RESET, DATA, READONLY
   34 00000000                 EXPORT           __Vectors
   35 00000000                 EXPORT           __Vectors_End
   36 00000000                 EXPORT           __Vectors_Size
   37 00000000         
   38 00000000                 PRESERVE8
   39 00000000         
   40 00000000 00000000 
                       __Vectors
                               DCD              |Image$$ARM_LIB_STACK_MSP$$ZI$$
Limit| 
                                                            ; Top of Stack
   41 00000004 00000000        DCD              Reset_Handler ; Reset Handler
   42 00000008 00000000        DCD              NMI_Handler ; NMI Handler
   43 0000000C 00000000        DCD              HardFault_Handler ; Hard Fault 
                                                            Handler
   44 00000010 00000000        DCD              MemManage_Handler 



ARM Macro Assembler    Page 2 


                                                            ; MPU Fault Handler
                                                            
   45 00000014 00000000        DCD              BusFault_Handler 
                                                            ; Bus Fault Handler
                                                            
   46 00000018 00000000        DCD              UsageFault_Handler ; Usage Faul
                                                            t Handler
   47 0000001C 00000000        DCD              SecureFault_Handler ; Secure Fa
                                                            ult Handler
   48 00000020 00000000        DCD              0           ; Reserved
   49 00000024 00000000        DCD              0           ; Reserved
   50 00000028 00000000        DCD              0           ; Reserved
   51 0000002C 00000000        DCD              SVC_Handler ; SVCall Handler
   52 00000030 00000000        DCD              DebugMon_Handler ; Debug Monito
                                                            r Handler
   53 00000034 00000000        DCD              0           ; Reserved
   54 00000038 00000000        DCD              PendSV_Handler ; PendSV Handler
                                                            
   55 0000003C 00000000        DCD              SysTick_Handler 
                                                            ; SysTick Handler
   56 00000040         
   57 00000040         ; External Interrupts
   58 00000040 00000000        DCD              WWDG_IRQHandler 
                                                            ; Window WatchDog
   59 00000044 00000000        DCD              PVD_PVM_IRQHandler ; PVD/PVM1/P
                                                            VM2/PVM3/PVM4 throu
                                                            gh EXTI Line detect
                                                            ion
   60 00000048 00000000        DCD              RTC_IRQHandler ; RTC non-secure
                                                             interrupts through
                                                             the EXTI line
   61 0000004C 00000000        DCD              RTC_S_IRQHandler ; RTC secure i
                                                            nterrupts through t
                                                            he EXTI line
   62 00000050 00000000        DCD              TAMP_IRQHandler ; Tamper non-se
                                                            cure interrupts thr
                                                            ough the EXTI line
   63 00000054 00000000        DCD              TAMP_S_IRQHandler ; Tamper secu
                                                            re interrupts throu
                                                            gh the EXTI line
   64 00000058 00000000        DCD              FLASH_IRQHandler ; FLASH non-se
                                                            cure interrupts
   65 0000005C 00000000        DCD              FLASH_S_IRQHandler ; FLASH secu
                                                            re global interrupt
                                                            s
   66 00000060 00000000        DCD              GTZC_IRQHandler ; GTZC global i
                                                            nterrupts
   67 00000064 00000000        DCD              RCC_IRQHandler ; RCC non-secure
                                                             global interrupts
   68 00000068 00000000        DCD              RCC_S_IRQHandler ; RCC secure g
                                                            lobal interrupts
   69 0000006C 00000000        DCD              EXTI0_IRQHandler ; EXTI Line0
   70 00000070 00000000        DCD              EXTI1_IRQHandler ; EXTI Line1
   71 00000074 00000000        DCD              EXTI2_IRQHandler ; EXTI Line2
   72 00000078 00000000        DCD              EXTI3_IRQHandler ; EXTI Line3
   73 0000007C 00000000        DCD              EXTI4_IRQHandler ; EXTI Line4
   74 00000080 00000000        DCD              EXTI5_IRQHandler ; EXTI Line5
   75 00000084 00000000        DCD              EXTI6_IRQHandler ; EXTI Line6
   76 00000088 00000000        DCD              EXTI7_IRQHandler ; EXTI Line7



ARM Macro Assembler    Page 3 


   77 0000008C 00000000        DCD              EXTI8_IRQHandler ; EXTI Line8
   78 00000090 00000000        DCD              EXTI9_IRQHandler ; EXTI Line9
   79 00000094 00000000        DCD              EXTI10_IRQHandler ; EXTI Line10
                                                            
   80 00000098 00000000        DCD              EXTI11_IRQHandler ; EXTI Line11
                                                            
   81 0000009C 00000000        DCD              EXTI12_IRQHandler ; EXTI Line12
                                                            
   82 000000A0 00000000        DCD              EXTI13_IRQHandler ; EXTI Line13
                                                            
   83 000000A4 00000000        DCD              EXTI14_IRQHandler ; EXTI Line14
                                                            
   84 000000A8 00000000        DCD              EXTI15_IRQHandler ; EXTI Line15
                                                            
   85 000000AC 00000000        DCD              DMAMUX1_IRQHandler ; DMAMUX1 no
                                                            n-secure
   86 000000B0 00000000        DCD              DMAMUX1_S_IRQHandler 
                                                            ; DMAMUX1 secure
   87 000000B4 00000000        DCD              DMA1_Channel1_IRQHandler 
                                                            ; DMA1 Channel 1
   88 000000B8 00000000        DCD              DMA1_Channel2_IRQHandler 
                                                            ; DMA1 Channel 2
   89 000000BC 00000000        DCD              DMA1_Channel3_IRQHandler 
                                                            ; DMA1 Channel 3
   90 000000C0 00000000        DCD              DMA1_Channel4_IRQHandler 
                                                            ; DMA1 Channel 4
   91 000000C4 00000000        DCD              DMA1_Channel5_IRQHandler 
                                                            ; DMA1 Channel 5
   92 000000C8 00000000        DCD              DMA1_Channel6_IRQHandler 
                                                            ; DMA1 Channel 6
   93 000000CC 00000000        DCD              DMA1_Channel7_IRQHandler 
                                                            ; DMA1 Channel 7
   94 000000D0 00000000        DCD              DMA1_Channel8_IRQHandler 
                                                            ; DMA1 Channel 8
   95 000000D4 00000000        DCD              ADC1_2_IRQHandler ; ADC1 & ADC2
                                                            
   96 000000D8 00000000        DCD              DAC_IRQHandler ; DAC1&2 underru
                                                            n errors
   97 000000DC 00000000        DCD              FDCAN1_IT0_IRQHandler ; FDCAN1 
                                                            Interrupt 0
   98 000000E0 00000000        DCD              FDCAN1_IT1_IRQHandler ; FDCAN1 
                                                            Interrupt 1
   99 000000E4 00000000        DCD              TIM1_BRK_IRQHandler 
                                                            ; TIM1 Break
  100 000000E8 00000000        DCD              TIM1_UP_IRQHandler 
                                                            ; TIM1 Update
  101 000000EC 00000000        DCD              TIM1_TRG_COM_IRQHandler ; TIM1 
                                                            Trigger and Commuta
                                                            tion
  102 000000F0 00000000        DCD              TIM1_CC_IRQHandler ; TIM1 Captu
                                                            re Compare
  103 000000F4 00000000        DCD              TIM2_IRQHandler ; TIM2
  104 000000F8 00000000        DCD              TIM3_IRQHandler ; TIM3
  105 000000FC 00000000        DCD              TIM4_IRQHandler ; TIM4
  106 00000100 00000000        DCD              TIM5_IRQHandler ; TIM5
  107 00000104 00000000        DCD              TIM6_IRQHandler ; TIM6
  108 00000108 00000000        DCD              TIM7_IRQHandler ; TIM7
  109 0000010C 00000000        DCD              TIM8_BRK_IRQHandler 
                                                            ; TIM8 Break



ARM Macro Assembler    Page 4 


  110 00000110 00000000        DCD              TIM8_UP_IRQHandler 
                                                            ; TIM8 Update
  111 00000114 00000000        DCD              TIM8_TRG_COM_IRQHandler ; TIM8 
                                                            Trigger and Commuta
                                                            tion
  112 00000118 00000000        DCD              TIM8_CC_IRQHandler ; TIM8 Captu
                                                            re Compare
  113 0000011C 00000000        DCD              I2C1_EV_IRQHandler ; I2C1 Event
                                                            
  114 00000120 00000000        DCD              I2C1_ER_IRQHandler ; I2C1 Error
                                                            
  115 00000124 00000000        DCD              I2C2_EV_IRQHandler ; I2C2 Event
                                                            
  116 00000128 00000000        DCD              I2C2_ER_IRQHandler ; I2C2 Error
                                                            
  117 0000012C 00000000        DCD              SPI1_IRQHandler ; SPI1
  118 00000130 00000000        DCD              SPI2_IRQHandler ; SPI2
  119 00000134 00000000        DCD              USART1_IRQHandler ; USART1
  120 00000138 00000000        DCD              USART2_IRQHandler ; USART2
  121 0000013C 00000000        DCD              USART3_IRQHandler ; USART3
  122 00000140 00000000        DCD              UART4_IRQHandler ; UART4
  123 00000144 00000000        DCD              UART5_IRQHandler ; UART5
  124 00000148 00000000        DCD              LPUART1_IRQHandler ; LP UART1
  125 0000014C 00000000        DCD              LPTIM1_IRQHandler ; LP TIM1
  126 00000150 00000000        DCD              LPTIM2_IRQHandler ; LP TIM2
  127 00000154 00000000        DCD              TIM15_IRQHandler ; TIM15
  128 00000158 00000000        DCD              TIM16_IRQHandler ; TIM16
  129 0000015C 00000000        DCD              TIM17_IRQHandler ; TIM17
  130 00000160 00000000        DCD              COMP_IRQHandler ; COMP1&2
  131 00000164 00000000        DCD              USB_FS_IRQHandler ; USB FS
  132 00000168 00000000        DCD              CRS_IRQHandler ; CRS
  133 0000016C 00000000        DCD              FMC_IRQHandler ; FMC
  134 00000170 00000000        DCD              OCTOSPI1_IRQHandler ; OctoSPI1 
                                                            global interrupt
  135 00000174 00000000        DCD              0           ; Reserved
  136 00000178 00000000        DCD              SDMMC1_IRQHandler ; SDMMC1
  137 0000017C 00000000        DCD              0           ; Reserved
  138 00000180 00000000        DCD              DMA2_Channel1_IRQHandler 
                                                            ; DMA2 Channel 1
  139 00000184 00000000        DCD              DMA2_Channel2_IRQHandler 
                                                            ; DMA2 Channel 2
  140 00000188 00000000        DCD              DMA2_Channel3_IRQHandler 
                                                            ; DMA2 Channel 3
  141 0000018C 00000000        DCD              DMA2_Channel4_IRQHandler 
                                                            ; DMA2 Channel 4
  142 00000190 00000000        DCD              DMA2_Channel5_IRQHandler 
                                                            ; DMA2 Channel 5
  143 00000194 00000000        DCD              DMA2_Channel6_IRQHandler 
                                                            ; DMA2 Channel 6
  144 00000198 00000000        DCD              DMA2_Channel7_IRQHandler 
                                                            ; DMA2 Channel 7
  145 0000019C 00000000        DCD              DMA2_Channel8_IRQHandler 
                                                            ; DMA2 Channel 8
  146 000001A0 00000000        DCD              I2C3_EV_IRQHandler ; I2C3 event
                                                            
  147 000001A4 00000000        DCD              I2C3_ER_IRQHandler ; I2C3 error
                                                            
  148 000001A8 00000000        DCD              SAI1_IRQHandler ; Serial Audio 
                                                            Interface 1 global 



ARM Macro Assembler    Page 5 


                                                            interrupt
  149 000001AC 00000000        DCD              SAI2_IRQHandler ; Serial Audio 
                                                            Interface 2 global 
                                                            interrupt
  150 000001B0 00000000        DCD              TSC_IRQHandler ; Touch Sense Co
                                                            ntroller global int
                                                            errupt
  151 000001B4 00000000        DCD              AES_IRQHandler ; AES global int
                                                            errupt
  152 000001B8 00000000        DCD              RNG_IRQHandler ; RNG global int
                                                            errupt
  153 000001BC 00000000        DCD              FPU_IRQHandler ; FPU
  154 000001C0 00000000        DCD              HASH_IRQHandler ; HASH
  155 000001C4 00000000        DCD              PKA_IRQHandler ; PKA
  156 000001C8 00000000        DCD              LPTIM3_IRQHandler ; LP TIM3
  157 000001CC 00000000        DCD              SPI3_IRQHandler ; SPI3
  158 000001D0 00000000        DCD              I2C4_ER_IRQHandler ; I2C4 error
                                                            
  159 000001D4 00000000        DCD              I2C4_EV_IRQHandler ; I2C4 event
                                                            
  160 000001D8 00000000        DCD              DFSDM1_FLT0_IRQHandler ; DFSDM1
                                                             Filter 0 global In
                                                            terrupt
  161 000001DC 00000000        DCD              DFSDM1_FLT1_IRQHandler ; DFSDM1
                                                             Filter 1 global In
                                                            terrupt
  162 000001E0 00000000        DCD              DFSDM1_FLT2_IRQHandler ; DFSDM1
                                                             Filter 2 global In
                                                            terrupt
  163 000001E4 00000000        DCD              DFSDM1_FLT3_IRQHandler ; DFSDM1
                                                             Filter 3 global In
                                                            terrupt
  164 000001E8 00000000        DCD              UCPD1_IRQHandler ; UCPD1
  165 000001EC 00000000        DCD              ICACHE_IRQHandler ; ICACHE
  166 000001F0 00000000        DCD              OTFDEC1_IRQHandler ; OTFDEC1
  167 000001F4         __Vectors_End
  168 000001F4         
  169 000001F4 000001F4 
                       __Vectors_Size
                               EQU              __Vectors_End - __Vectors
  170 000001F4         
  171 000001F4                 AREA             |.text|, CODE, READONLY
  172 00000000         
  173 00000000         
  174 00000000         ; Reset Handler
  175 00000000         
  176 00000000         Reset_Handler
                               PROC
  177 00000000                 EXPORT           Reset_Handler             [WEAK
]
  178 00000000                 IMPORT           SystemInit
  179 00000000                 IMPORT           __main
  180 00000000         
  181 00000000 B672            CPSID            i           ; Disable IRQs
  182 00000002 480C            LDR              R0, =SystemInit
  183 00000004 4780            BLX              R0
  184 00000006 F3EF 8014       MRS              R0, control ; Get control value
                                                            
  185 0000000A 2102            MOVS             R1, #2



ARM Macro Assembler    Page 6 


  186 0000000C 4308            ORRS             R0, R0, R1  ; Select switch to 
                                                            PSP
  187 0000000E F380 8814       MSR              control, R0
  188 00000012 4809            LDR              R0, =|Image$$ARM_LIB_STACK$$ZI$
$Limit|
  189 00000014 2107            MOVS             R1, #7
  190 00000016 4388            BICS             R0, R1      ; Make sure that th
                                                            e SP address is ali
                                                            gned to 8
  191 00000018 4685            MOV              SP, R0      ; Initialise PSP
  192 0000001A 4808            LDR              R0, =__main
  193 0000001C 4700            BX               R0
  194 0000001E                 ENDP
  195 0000001E         
  196 0000001E         ; Dummy Exception Handlers (infinite loops which can be 
                       modified)
  197 0000001E         
  198 0000001E         NMI_Handler
                               PROC
  199 0000001E                 EXPORT           NMI_Handler               [WEAK
]
  200 0000001E E7FE            B                .
  201 00000020                 ENDP
  203 00000020         HardFault_Handler
                               PROC
  204 00000020                 EXPORT           HardFault_Handler         [WEAK
]
  205 00000020 E7FE            B                .
  206 00000022                 ENDP
  208 00000022         MemManage_Handler
                               PROC
  209 00000022                 EXPORT           MemManage_Handler         [WEAK
]
  210 00000022 E7FE            B                .
  211 00000024                 ENDP
  213 00000024         BusFault_Handler
                               PROC
  214 00000024                 EXPORT           BusFault_Handler          [WEAK
]
  215 00000024 E7FE            B                .
  216 00000026                 ENDP
  218 00000026         UsageFault_Handler
                               PROC
  219 00000026                 EXPORT           UsageFault_Handler        [WEAK
]
  220 00000026 E7FE            B                .
  221 00000028                 ENDP
  223 00000028         SecureFault_Handler
                               PROC
  224 00000028                 EXPORT           SecureFault_Handler       [WEAK
]
  225 00000028 E7FE            B                .
  226 0000002A                 ENDP
  227 0000002A         SVC_Handler
                               PROC
  228 0000002A                 EXPORT           SVC_Handler               [WEAK
]
  229 0000002A E7FE            B                .
  230 0000002C                 ENDP



ARM Macro Assembler    Page 7 


  232 0000002C         DebugMon_Handler
                               PROC
  233 0000002C                 EXPORT           DebugMon_Handler          [WEAK
]
  234 0000002C E7FE            B                .
  235 0000002E                 ENDP
  236 0000002E         PendSV_Handler
                               PROC
  237 0000002E                 EXPORT           PendSV_Handler            [WEAK
]
  238 0000002E E7FE            B                .
  239 00000030                 ENDP
  240 00000030         SysTick_Handler
                               PROC
  241 00000030                 EXPORT           SysTick_Handler           [WEAK
]
  242 00000030 E7FE            B                .
  243 00000032                 ENDP
  244 00000032         
  245 00000032         Default_Handler
                               PROC
  246 00000032         
  247 00000032                 EXPORT           WWDG_IRQHandler           [WEAK
]
  248 00000032                 EXPORT           PVD_PVM_IRQHandler        [WEAK
]
  249 00000032                 EXPORT           RTC_IRQHandler            [WEAK
]
  250 00000032                 EXPORT           RTC_S_IRQHandler          [WEAK
]
  251 00000032                 EXPORT           TAMP_IRQHandler           [WEAK
]
  252 00000032                 EXPORT           TAMP_S_IRQHandler         [WEAK
]
  253 00000032                 EXPORT           FLASH_IRQHandler          [WEAK
]
  254 00000032                 EXPORT           FLASH_S_IRQHandler        [WEAK
]
  255 00000032                 EXPORT           GTZC_IRQHandler           [WEAK
]
  256 00000032                 EXPORT           RCC_IRQHandler            [WEAK
]
  257 00000032                 EXPORT           RCC_S_IRQHandler          [WEAK
]
  258 00000032                 EXPORT           EXTI0_IRQHandler          [WEAK
]
  259 00000032                 EXPORT           EXTI1_IRQHandler          [WEAK
]
  260 00000032                 EXPORT           EXTI2_IRQHandler          [WEAK
]
  261 00000032                 EXPORT           EXTI3_IRQHandler          [WEAK
]
  262 00000032                 EXPORT           EXTI4_IRQHandler          [WEAK
]
  263 00000032                 EXPORT           EXTI5_IRQHandler          [WEAK
]
  264 00000032                 EXPORT           EXTI6_IRQHandler          [WEAK
]
  265 00000032                 EXPORT           EXTI7_IRQHandler          [WEAK



ARM Macro Assembler    Page 8 


]
  266 00000032                 EXPORT           EXTI8_IRQHandler          [WEAK
]
  267 00000032                 EXPORT           EXTI9_IRQHandler          [WEAK
]
  268 00000032                 EXPORT           EXTI10_IRQHandler         [WEAK
]
  269 00000032                 EXPORT           EXTI11_IRQHandler         [WEAK
]
  270 00000032                 EXPORT           EXTI12_IRQHandler         [WEAK
]
  271 00000032                 EXPORT           EXTI13_IRQHandler         [WEAK
]
  272 00000032                 EXPORT           EXTI14_IRQHandler         [WEAK
]
  273 00000032                 EXPORT           EXTI15_IRQHandler         [WEAK
]
  274 00000032                 EXPORT           DMAMUX1_IRQHandler        [WEAK
]
  275 00000032                 EXPORT           DMAMUX1_S_IRQHandler      [WEAK
]
  276 00000032                 EXPORT           DMA1_Channel1_IRQHandler  [WEAK
]
  277 00000032                 EXPORT           DMA1_Channel2_IRQHandler  [WEAK
]
  278 00000032                 EXPORT           DMA1_Channel3_IRQHandler  [WEAK
]
  279 00000032                 EXPORT           DMA1_Channel4_IRQHandler  [WEAK
]
  280 00000032                 EXPORT           DMA1_Channel5_IRQHandler  [WEAK
]
  281 00000032                 EXPORT           DMA1_Channel6_IRQHandler  [WEAK
]
  282 00000032                 EXPORT           DMA1_Channel7_IRQHandler  [WEAK
]
  283 00000032                 EXPORT           DMA1_Channel8_IRQHandler  [WEAK
]
  284 00000032                 EXPORT           ADC1_2_IRQHandler         [WEAK
]
  285 00000032                 EXPORT           DAC_IRQHandler            [WEAK
]
  286 00000032                 EXPORT           FDCAN1_IT0_IRQHandler     [WEAK
]
  287 00000032                 EXPORT           FDCAN1_IT1_IRQHandler     [WEAK
]
  288 00000032                 EXPORT           TIM1_BRK_IRQHandler       [WEAK
]
  289 00000032                 EXPORT           TIM1_UP_IRQHandler        [WEAK
]
  290 00000032                 EXPORT           TIM1_TRG_COM_IRQHandler   [WEAK
]
  291 00000032                 EXPORT           TIM1_CC_IRQHandler        [WEAK
]
  292 00000032                 EXPORT           TIM2_IRQHandler           [WEAK
]
  293 00000032                 EXPORT           TIM3_IRQHandler           [WEAK
]
  294 00000032                 EXPORT           TIM4_IRQHandler           [WEAK
]



ARM Macro Assembler    Page 9 


  295 00000032                 EXPORT           TIM5_IRQHandler           [WEAK
]
  296 00000032                 EXPORT           TIM6_IRQHandler           [WEAK
]
  297 00000032                 EXPORT           TIM7_IRQHandler           [WEAK
]
  298 00000032                 EXPORT           TIM8_BRK_IRQHandler       [WEAK
]
  299 00000032                 EXPORT           TIM8_UP_IRQHandler        [WEAK
]
  300 00000032                 EXPORT           TIM8_TRG_COM_IRQHandler   [WEAK
]
  301 00000032                 EXPORT           TIM8_CC_IRQHandler        [WEAK
]
  302 00000032                 EXPORT           I2C1_EV_IRQHandler        [WEAK
]
  303 00000032                 EXPORT           I2C1_ER_IRQHandler        [WEAK
]
  304 00000032                 EXPORT           I2C2_EV_IRQHandler        [WEAK
]
  305 00000032                 EXPORT           I2C2_ER_IRQHandler        [WEAK
]
  306 00000032                 EXPORT           SPI1_IRQHandler           [WEAK
]
  307 00000032                 EXPORT           SPI2_IRQHandler           [WEAK
]
  308 00000032                 EXPORT           USART1_IRQHandler         [WEAK
]
  309 00000032                 EXPORT           USART2_IRQHandler         [WEAK
]
  310 00000032                 EXPORT           USART3_IRQHandler         [WEAK
]
  311 00000032                 EXPORT           UART4_IRQHandler          [WEAK
]
  312 00000032                 EXPORT           UART5_IRQHandler          [WEAK
]
  313 00000032                 EXPORT           LPUART1_IRQHandler        [WEAK
]
  314 00000032                 EXPORT           LPTIM1_IRQHandler         [WEAK
]
  315 00000032                 EXPORT           LPTIM2_IRQHandler         [WEAK
]
  316 00000032                 EXPORT           TIM15_IRQHandler          [WEAK
]
  317 00000032                 EXPORT           TIM16_IRQHandler          [WEAK
]
  318 00000032                 EXPORT           TIM17_IRQHandler          [WEAK
]
  319 00000032                 EXPORT           COMP_IRQHandler           [WEAK
]
  320 00000032                 EXPORT           USB_FS_IRQHandler         [WEAK
]
  321 00000032                 EXPORT           CRS_IRQHandler            [WEAK
]
  322 00000032                 EXPORT           FMC_IRQHandler            [WEAK
]
  323 00000032                 EXPORT           OCTOSPI1_IRQHandler       [WEAK
]
  324 00000032                 EXPORT           SDMMC1_IRQHandler         [WEAK



ARM Macro Assembler    Page 10 


]
  325 00000032                 EXPORT           DMA2_Channel1_IRQHandler  [WEAK
]
  326 00000032                 EXPORT           DMA2_Channel2_IRQHandler  [WEAK
]
  327 00000032                 EXPORT           DMA2_Channel3_IRQHandler  [WEAK
]
  328 00000032                 EXPORT           DMA2_Channel4_IRQHandler  [WEAK
]
  329 00000032                 EXPORT           DMA2_Channel5_IRQHandler  [WEAK
]
  330 00000032                 EXPORT           DMA2_Channel6_IRQHandler  [WEAK
]
  331 00000032                 EXPORT           DMA2_Channel7_IRQHandler  [WEAK
]
  332 00000032                 EXPORT           DMA2_Channel8_IRQHandler  [WEAK
]
  333 00000032                 EXPORT           I2C3_EV_IRQHandler        [WEAK
]
  334 00000032                 EXPORT           I2C3_ER_IRQHandler        [WEAK
]
  335 00000032                 EXPORT           SAI1_IRQHandler           [WEAK
]
  336 00000032                 EXPORT           SAI2_IRQHandler           [WEAK
]
  337 00000032                 EXPORT           TSC_IRQHandler            [WEAK
]
  338 00000032                 EXPORT           AES_IRQHandler            [WEAK
]
  339 00000032                 EXPORT           RNG_IRQHandler            [WEAK
]
  340 00000032                 EXPORT           FPU_IRQHandler            [WEAK
]
  341 00000032                 EXPORT           HASH_IRQHandler           [WEAK
]
  342 00000032                 EXPORT           PKA_IRQHandler            [WEAK
]
  343 00000032                 EXPORT           LPTIM3_IRQHandler         [WEAK
]
  344 00000032                 EXPORT           SPI3_IRQHandler           [WEAK
]
  345 00000032                 EXPORT           I2C4_ER_IRQHandler        [WEAK
]
  346 00000032                 EXPORT           I2C4_EV_IRQHandler        [WEAK
]
  347 00000032                 EXPORT           DFSDM1_FLT0_IRQHandler    [WEAK
]
  348 00000032                 EXPORT           DFSDM1_FLT1_IRQHandler    [WEAK
]
  349 00000032                 EXPORT           DFSDM1_FLT2_IRQHandler    [WEAK
]
  350 00000032                 EXPORT           DFSDM1_FLT3_IRQHandler    [WEAK
]
  351 00000032                 EXPORT           UCPD1_IRQHandler          [WEAK
]
  352 00000032                 EXPORT           ICACHE_IRQHandler         [WEAK
]
  353 00000032                 EXPORT           OTFDEC1_IRQHandler        [WEAK
]



ARM Macro Assembler    Page 11 


  354 00000032         
  355 00000032         WWDG_IRQHandler
  356 00000032         PVD_PVM_IRQHandler
  357 00000032         RTC_IRQHandler
  358 00000032         RTC_S_IRQHandler
  359 00000032         TAMP_IRQHandler
  360 00000032         TAMP_S_IRQHandler
  361 00000032         FLASH_IRQHandler
  362 00000032         FLASH_S_IRQHandler
  363 00000032         GTZC_IRQHandler
  364 00000032         RCC_IRQHandler
  365 00000032         RCC_S_IRQHandler
  366 00000032         EXTI0_IRQHandler
  367 00000032         EXTI1_IRQHandler
  368 00000032         EXTI2_IRQHandler
  369 00000032         EXTI3_IRQHandler
  370 00000032         EXTI4_IRQHandler
  371 00000032         EXTI5_IRQHandler
  372 00000032         EXTI6_IRQHandler
  373 00000032         EXTI7_IRQHandler
  374 00000032         EXTI8_IRQHandler
  375 00000032         EXTI9_IRQHandler
  376 00000032         EXTI10_IRQHandler
  377 00000032         EXTI11_IRQHandler
  378 00000032         EXTI12_IRQHandler
  379 00000032         EXTI13_IRQHandler
  380 00000032         EXTI14_IRQHandler
  381 00000032         EXTI15_IRQHandler
  382 00000032         DMAMUX1_IRQHandler
  383 00000032         DMAMUX1_S_IRQHandler
  384 00000032         DMA1_Channel1_IRQHandler
  385 00000032         DMA1_Channel2_IRQHandler
  386 00000032         DMA1_Channel3_IRQHandler
  387 00000032         DMA1_Channel4_IRQHandler
  388 00000032         DMA1_Channel5_IRQHandler
  389 00000032         DMA1_Channel6_IRQHandler
  390 00000032         DMA1_Channel7_IRQHandler
  391 00000032         DMA1_Channel8_IRQHandler
  392 00000032         ADC1_2_IRQHandler
  393 00000032         DAC_IRQHandler
  394 00000032         FDCAN1_IT0_IRQHandler
  395 00000032         FDCAN1_IT1_IRQHandler
  396 00000032         TIM1_BRK_IRQHandler
  397 00000032         TIM1_UP_IRQHandler
  398 00000032         TIM1_TRG_COM_IRQHandler
  399 00000032         TIM1_CC_IRQHandler
  400 00000032         TIM2_IRQHandler
  401 00000032         TIM3_IRQHandler
  402 00000032         TIM4_IRQHandler
  403 00000032         TIM5_IRQHandler
  404 00000032         TIM6_IRQHandler
  405 00000032         TIM7_IRQHandler
  406 00000032         TIM8_BRK_IRQHandler
  407 00000032         TIM8_UP_IRQHandler
  408 00000032         TIM8_TRG_COM_IRQHandler
  409 00000032         TIM8_CC_IRQHandler
  410 00000032         I2C1_EV_IRQHandler
  411 00000032         I2C1_ER_IRQHandler
  412 00000032         I2C2_EV_IRQHandler



ARM Macro Assembler    Page 12 


  413 00000032         I2C2_ER_IRQHandler
  414 00000032         SPI1_IRQHandler
  415 00000032         SPI2_IRQHandler
  416 00000032         USART1_IRQHandler
  417 00000032         USART2_IRQHandler
  418 00000032         USART3_IRQHandler
  419 00000032         UART4_IRQHandler
  420 00000032         UART5_IRQHandler
  421 00000032         LPUART1_IRQHandler
  422 00000032         LPTIM1_IRQHandler
  423 00000032         LPTIM2_IRQHandler
  424 00000032         TIM15_IRQHandler
  425 00000032         TIM16_IRQHandler
  426 00000032         TIM17_IRQHandler
  427 00000032         COMP_IRQHandler
  428 00000032         USB_FS_IRQHandler
  429 00000032         CRS_IRQHandler
  430 00000032         FMC_IRQHandler
  431 00000032         OCTOSPI1_IRQHandler
  432 00000032         SDMMC1_IRQHandler
  433 00000032         DMA2_Channel1_IRQHandler
  434 00000032         DMA2_Channel2_IRQHandler
  435 00000032         DMA2_Channel3_IRQHandler
  436 00000032         DMA2_Channel4_IRQHandler
  437 00000032         DMA2_Channel5_IRQHandler
  438 00000032         DMA2_Channel6_IRQHandler
  439 00000032         DMA2_Channel7_IRQHandler
  440 00000032         DMA2_Channel8_IRQHandler
  441 00000032         I2C3_EV_IRQHandler
  442 00000032         I2C3_ER_IRQHandler
  443 00000032         SAI1_IRQHandler
  444 00000032         SAI2_IRQHandler
  445 00000032         TSC_IRQHandler
  446 00000032         AES_IRQHandler
  447 00000032         RNG_IRQHandler
  448 00000032         FPU_IRQHandler
  449 00000032         HASH_IRQHandler
  450 00000032         PKA_IRQHandler
  451 00000032         LPTIM3_IRQHandler
  452 00000032         SPI3_IRQHandler
  453 00000032         I2C4_ER_IRQHandler
  454 00000032         I2C4_EV_IRQHandler
  455 00000032         DFSDM1_FLT0_IRQHandler
  456 00000032         DFSDM1_FLT1_IRQHandler
  457 00000032         DFSDM1_FLT2_IRQHandler
  458 00000032         DFSDM1_FLT3_IRQHandler
  459 00000032         UCPD1_IRQHandler
  460 00000032         ICACHE_IRQHandler
  461 00000032         OTFDEC1_IRQHandler
  462 00000032 E7FE            B                .
  463 00000034         
  464 00000034                 ENDP
  465 00000034         
  466 00000034                 ALIGN
  467 00000034         
  468 00000034                 END
              00000000 
              00000000 
              00000000 



ARM Macro Assembler    Page 13 


Command Line: --debug --xref --diag_suppress=9931 --cpu=Cortex-M33 --fpu=SoftVF
P --depend=stm32l562e-dk_s\exe\startup_stm32l562xx_s.d -ostm32l562e-dk_s\exe\st
artup_stm32l562xx_s.o -I.\RTE\_STM32L562E-DK_TFM_Secure -I"D:\Program Files (x8
6)\Keil\Packs\ARM\CMSIS\5.7.0\CMSIS\Core\Include" -I"D:\Program Files (x86)\Kei
l\Packs\Keil\STM32L5xx_DFP\1.2.0\Drivers\CMSIS\Device\ST\STM32L5xx\Include" --p
redefine="__UVISION_VERSION SETA 531" --predefine="_RTE_ SETA 1" --predefine="S
TM32L562xx SETA 1" --predefine="_RTE_ SETA 1" --list=startup_stm32l562xx_s.lst 
startup_stm32l562xx_s.s



ARM Macro Assembler    Page 1 Alphabetic symbol ordering
Relocatable symbols

RESET 00000000

Symbol: RESET
   Definitions
      At line 33 in file startup_stm32l562xx_s.s
   Uses
      None
Comment: RESET unused
__Vectors 00000000

Symbol: __Vectors
   Definitions
      At line 40 in file startup_stm32l562xx_s.s
   Uses
      At line 34 in file startup_stm32l562xx_s.s
      At line 169 in file startup_stm32l562xx_s.s

__Vectors_End 000001F4

Symbol: __Vectors_End
   Definitions
      At line 167 in file startup_stm32l562xx_s.s
   Uses
      At line 35 in file startup_stm32l562xx_s.s
      At line 169 in file startup_stm32l562xx_s.s

3 symbols



ARM Macro Assembler    Page 1 Alphabetic symbol ordering
Relocatable symbols

.text 00000000

Symbol: .text
   Definitions
      At line 171 in file startup_stm32l562xx_s.s
   Uses
      None
Comment: .text unused
ADC1_2_IRQHandler 00000032

Symbol: ADC1_2_IRQHandler
   Definitions
      At line 392 in file startup_stm32l562xx_s.s
   Uses
      At line 95 in file startup_stm32l562xx_s.s
      At line 284 in file startup_stm32l562xx_s.s

AES_IRQHandler 00000032

Symbol: AES_IRQHandler
   Definitions
      At line 446 in file startup_stm32l562xx_s.s
   Uses
      At line 151 in file startup_stm32l562xx_s.s
      At line 338 in file startup_stm32l562xx_s.s

BusFault_Handler 00000024

Symbol: BusFault_Handler
   Definitions
      At line 213 in file startup_stm32l562xx_s.s
   Uses
      At line 45 in file startup_stm32l562xx_s.s
      At line 214 in file startup_stm32l562xx_s.s

COMP_IRQHandler 00000032

Symbol: COMP_IRQHandler
   Definitions
      At line 427 in file startup_stm32l562xx_s.s
   Uses
      At line 130 in file startup_stm32l562xx_s.s
      At line 319 in file startup_stm32l562xx_s.s

CRS_IRQHandler 00000032

Symbol: CRS_IRQHandler
   Definitions
      At line 429 in file startup_stm32l562xx_s.s
   Uses
      At line 132 in file startup_stm32l562xx_s.s
      At line 321 in file startup_stm32l562xx_s.s

DAC_IRQHandler 00000032

Symbol: DAC_IRQHandler
   Definitions
      At line 393 in file startup_stm32l562xx_s.s
   Uses



ARM Macro Assembler    Page 2 Alphabetic symbol ordering
Relocatable symbols

      At line 96 in file startup_stm32l562xx_s.s
      At line 285 in file startup_stm32l562xx_s.s

DFSDM1_FLT0_IRQHandler 00000032

Symbol: DFSDM1_FLT0_IRQHandler
   Definitions
      At line 455 in file startup_stm32l562xx_s.s
   Uses
      At line 160 in file startup_stm32l562xx_s.s
      At line 347 in file startup_stm32l562xx_s.s

DFSDM1_FLT1_IRQHandler 00000032

Symbol: DFSDM1_FLT1_IRQHandler
   Definitions
      At line 456 in file startup_stm32l562xx_s.s
   Uses
      At line 161 in file startup_stm32l562xx_s.s
      At line 348 in file startup_stm32l562xx_s.s

DFSDM1_FLT2_IRQHandler 00000032

Symbol: DFSDM1_FLT2_IRQHandler
   Definitions
      At line 457 in file startup_stm32l562xx_s.s
   Uses
      At line 162 in file startup_stm32l562xx_s.s
      At line 349 in file startup_stm32l562xx_s.s

DFSDM1_FLT3_IRQHandler 00000032

Symbol: DFSDM1_FLT3_IRQHandler
   Definitions
      At line 458 in file startup_stm32l562xx_s.s
   Uses
      At line 163 in file startup_stm32l562xx_s.s
      At line 350 in file startup_stm32l562xx_s.s

DMA1_Channel1_IRQHandler 00000032

Symbol: DMA1_Channel1_IRQHandler
   Definitions
      At line 384 in file startup_stm32l562xx_s.s
   Uses
      At line 87 in file startup_stm32l562xx_s.s
      At line 276 in file startup_stm32l562xx_s.s

DMA1_Channel2_IRQHandler 00000032

Symbol: DMA1_Channel2_IRQHandler
   Definitions
      At line 385 in file startup_stm32l562xx_s.s
   Uses
      At line 88 in file startup_stm32l562xx_s.s
      At line 277 in file startup_stm32l562xx_s.s

DMA1_Channel3_IRQHandler 00000032




ARM Macro Assembler    Page 3 Alphabetic symbol ordering
Relocatable symbols

Symbol: DMA1_Channel3_IRQHandler
   Definitions
      At line 386 in file startup_stm32l562xx_s.s
   Uses
      At line 89 in file startup_stm32l562xx_s.s
      At line 278 in file startup_stm32l562xx_s.s

DMA1_Channel4_IRQHandler 00000032

Symbol: DMA1_Channel4_IRQHandler
   Definitions
      At line 387 in file startup_stm32l562xx_s.s
   Uses
      At line 90 in file startup_stm32l562xx_s.s
      At line 279 in file startup_stm32l562xx_s.s

DMA1_Channel5_IRQHandler 00000032

Symbol: DMA1_Channel5_IRQHandler
   Definitions
      At line 388 in file startup_stm32l562xx_s.s
   Uses
      At line 91 in file startup_stm32l562xx_s.s
      At line 280 in file startup_stm32l562xx_s.s

DMA1_Channel6_IRQHandler 00000032

Symbol: DMA1_Channel6_IRQHandler
   Definitions
      At line 389 in file startup_stm32l562xx_s.s
   Uses
      At line 92 in file startup_stm32l562xx_s.s
      At line 281 in file startup_stm32l562xx_s.s

DMA1_Channel7_IRQHandler 00000032

Symbol: DMA1_Channel7_IRQHandler
   Definitions
      At line 390 in file startup_stm32l562xx_s.s
   Uses
      At line 93 in file startup_stm32l562xx_s.s
      At line 282 in file startup_stm32l562xx_s.s

DMA1_Channel8_IRQHandler 00000032

Symbol: DMA1_Channel8_IRQHandler
   Definitions
      At line 391 in file startup_stm32l562xx_s.s
   Uses
      At line 94 in file startup_stm32l562xx_s.s
      At line 283 in file startup_stm32l562xx_s.s

DMA2_Channel1_IRQHandler 00000032

Symbol: DMA2_Channel1_IRQHandler
   Definitions
      At line 433 in file startup_stm32l562xx_s.s
   Uses
      At line 138 in file startup_stm32l562xx_s.s



ARM Macro Assembler    Page 4 Alphabetic symbol ordering
Relocatable symbols

      At line 325 in file startup_stm32l562xx_s.s

DMA2_Channel2_IRQHandler 00000032

Symbol: DMA2_Channel2_IRQHandler
   Definitions
      At line 434 in file startup_stm32l562xx_s.s
   Uses
      At line 139 in file startup_stm32l562xx_s.s
      At line 326 in file startup_stm32l562xx_s.s

DMA2_Channel3_IRQHandler 00000032

Symbol: DMA2_Channel3_IRQHandler
   Definitions
      At line 435 in file startup_stm32l562xx_s.s
   Uses
      At line 140 in file startup_stm32l562xx_s.s
      At line 327 in file startup_stm32l562xx_s.s

DMA2_Channel4_IRQHandler 00000032

Symbol: DMA2_Channel4_IRQHandler
   Definitions
      At line 436 in file startup_stm32l562xx_s.s
   Uses
      At line 141 in file startup_stm32l562xx_s.s
      At line 328 in file startup_stm32l562xx_s.s

DMA2_Channel5_IRQHandler 00000032

Symbol: DMA2_Channel5_IRQHandler
   Definitions
      At line 437 in file startup_stm32l562xx_s.s
   Uses
      At line 142 in file startup_stm32l562xx_s.s
      At line 329 in file startup_stm32l562xx_s.s

DMA2_Channel6_IRQHandler 00000032

Symbol: DMA2_Channel6_IRQHandler
   Definitions
      At line 438 in file startup_stm32l562xx_s.s
   Uses
      At line 143 in file startup_stm32l562xx_s.s
      At line 330 in file startup_stm32l562xx_s.s

DMA2_Channel7_IRQHandler 00000032

Symbol: DMA2_Channel7_IRQHandler
   Definitions
      At line 439 in file startup_stm32l562xx_s.s
   Uses
      At line 144 in file startup_stm32l562xx_s.s
      At line 331 in file startup_stm32l562xx_s.s

DMA2_Channel8_IRQHandler 00000032

Symbol: DMA2_Channel8_IRQHandler



ARM Macro Assembler    Page 5 Alphabetic symbol ordering
Relocatable symbols

   Definitions
      At line 440 in file startup_stm32l562xx_s.s
   Uses
      At line 145 in file startup_stm32l562xx_s.s
      At line 332 in file startup_stm32l562xx_s.s

DMAMUX1_IRQHandler 00000032

Symbol: DMAMUX1_IRQHandler
   Definitions
      At line 382 in file startup_stm32l562xx_s.s
   Uses
      At line 85 in file startup_stm32l562xx_s.s
      At line 274 in file startup_stm32l562xx_s.s

DMAMUX1_S_IRQHandler 00000032

Symbol: DMAMUX1_S_IRQHandler
   Definitions
      At line 383 in file startup_stm32l562xx_s.s
   Uses
      At line 86 in file startup_stm32l562xx_s.s
      At line 275 in file startup_stm32l562xx_s.s

DebugMon_Handler 0000002C

Symbol: DebugMon_Handler
   Definitions
      At line 232 in file startup_stm32l562xx_s.s
   Uses
      At line 52 in file startup_stm32l562xx_s.s
      At line 233 in file startup_stm32l562xx_s.s

Default_Handler 00000032

Symbol: Default_Handler
   Definitions
      At line 245 in file startup_stm32l562xx_s.s
   Uses
      None
Comment: Default_Handler unused
EXTI0_IRQHandler 00000032

Symbol: EXTI0_IRQHandler
   Definitions
      At line 366 in file startup_stm32l562xx_s.s
   Uses
      At line 69 in file startup_stm32l562xx_s.s
      At line 258 in file startup_stm32l562xx_s.s

EXTI10_IRQHandler 00000032

Symbol: EXTI10_IRQHandler
   Definitions
      At line 376 in file startup_stm32l562xx_s.s
   Uses
      At line 79 in file startup_stm32l562xx_s.s
      At line 268 in file startup_stm32l562xx_s.s




ARM Macro Assembler    Page 6 Alphabetic symbol ordering
Relocatable symbols

EXTI11_IRQHandler 00000032

Symbol: EXTI11_IRQHandler
   Definitions
      At line 377 in file startup_stm32l562xx_s.s
   Uses
      At line 80 in file startup_stm32l562xx_s.s
      At line 269 in file startup_stm32l562xx_s.s

EXTI12_IRQHandler 00000032

Symbol: EXTI12_IRQHandler
   Definitions
      At line 378 in file startup_stm32l562xx_s.s
   Uses
      At line 81 in file startup_stm32l562xx_s.s
      At line 270 in file startup_stm32l562xx_s.s

EXTI13_IRQHandler 00000032

Symbol: EXTI13_IRQHandler
   Definitions
      At line 379 in file startup_stm32l562xx_s.s
   Uses
      At line 82 in file startup_stm32l562xx_s.s
      At line 271 in file startup_stm32l562xx_s.s

EXTI14_IRQHandler 00000032

Symbol: EXTI14_IRQHandler
   Definitions
      At line 380 in file startup_stm32l562xx_s.s
   Uses
      At line 83 in file startup_stm32l562xx_s.s
      At line 272 in file startup_stm32l562xx_s.s

EXTI15_IRQHandler 00000032

Symbol: EXTI15_IRQHandler
   Definitions
      At line 381 in file startup_stm32l562xx_s.s
   Uses
      At line 84 in file startup_stm32l562xx_s.s
      At line 273 in file startup_stm32l562xx_s.s

EXTI1_IRQHandler 00000032

Symbol: EXTI1_IRQHandler
   Definitions
      At line 367 in file startup_stm32l562xx_s.s
   Uses
      At line 70 in file startup_stm32l562xx_s.s
      At line 259 in file startup_stm32l562xx_s.s

EXTI2_IRQHandler 00000032

Symbol: EXTI2_IRQHandler
   Definitions
      At line 368 in file startup_stm32l562xx_s.s



ARM Macro Assembler    Page 7 Alphabetic symbol ordering
Relocatable symbols

   Uses
      At line 71 in file startup_stm32l562xx_s.s
      At line 260 in file startup_stm32l562xx_s.s

EXTI3_IRQHandler 00000032

Symbol: EXTI3_IRQHandler
   Definitions
      At line 369 in file startup_stm32l562xx_s.s
   Uses
      At line 72 in file startup_stm32l562xx_s.s
      At line 261 in file startup_stm32l562xx_s.s

EXTI4_IRQHandler 00000032

Symbol: EXTI4_IRQHandler
   Definitions
      At line 370 in file startup_stm32l562xx_s.s
   Uses
      At line 73 in file startup_stm32l562xx_s.s
      At line 262 in file startup_stm32l562xx_s.s

EXTI5_IRQHandler 00000032

Symbol: EXTI5_IRQHandler
   Definitions
      At line 371 in file startup_stm32l562xx_s.s
   Uses
      At line 74 in file startup_stm32l562xx_s.s
      At line 263 in file startup_stm32l562xx_s.s

EXTI6_IRQHandler 00000032

Symbol: EXTI6_IRQHandler
   Definitions
      At line 372 in file startup_stm32l562xx_s.s
   Uses
      At line 75 in file startup_stm32l562xx_s.s
      At line 264 in file startup_stm32l562xx_s.s

EXTI7_IRQHandler 00000032

Symbol: EXTI7_IRQHandler
   Definitions
      At line 373 in file startup_stm32l562xx_s.s
   Uses
      At line 76 in file startup_stm32l562xx_s.s
      At line 265 in file startup_stm32l562xx_s.s

EXTI8_IRQHandler 00000032

Symbol: EXTI8_IRQHandler
   Definitions
      At line 374 in file startup_stm32l562xx_s.s
   Uses
      At line 77 in file startup_stm32l562xx_s.s
      At line 266 in file startup_stm32l562xx_s.s

EXTI9_IRQHandler 00000032



ARM Macro Assembler    Page 8 Alphabetic symbol ordering
Relocatable symbols


Symbol: EXTI9_IRQHandler
   Definitions
      At line 375 in file startup_stm32l562xx_s.s
   Uses
      At line 78 in file startup_stm32l562xx_s.s
      At line 267 in file startup_stm32l562xx_s.s

FDCAN1_IT0_IRQHandler 00000032

Symbol: FDCAN1_IT0_IRQHandler
   Definitions
      At line 394 in file startup_stm32l562xx_s.s
   Uses
      At line 97 in file startup_stm32l562xx_s.s
      At line 286 in file startup_stm32l562xx_s.s

FDCAN1_IT1_IRQHandler 00000032

Symbol: FDCAN1_IT1_IRQHandler
   Definitions
      At line 395 in file startup_stm32l562xx_s.s
   Uses
      At line 98 in file startup_stm32l562xx_s.s
      At line 287 in file startup_stm32l562xx_s.s

FLASH_IRQHandler 00000032

Symbol: FLASH_IRQHandler
   Definitions
      At line 361 in file startup_stm32l562xx_s.s
   Uses
      At line 64 in file startup_stm32l562xx_s.s
      At line 253 in file startup_stm32l562xx_s.s

FLASH_S_IRQHandler 00000032

Symbol: FLASH_S_IRQHandler
   Definitions
      At line 362 in file startup_stm32l562xx_s.s
   Uses
      At line 65 in file startup_stm32l562xx_s.s
      At line 254 in file startup_stm32l562xx_s.s

FMC_IRQHandler 00000032

Symbol: FMC_IRQHandler
   Definitions
      At line 430 in file startup_stm32l562xx_s.s
   Uses
      At line 133 in file startup_stm32l562xx_s.s
      At line 322 in file startup_stm32l562xx_s.s

FPU_IRQHandler 00000032

Symbol: FPU_IRQHandler
   Definitions
      At line 448 in file startup_stm32l562xx_s.s
   Uses



ARM Macro Assembler    Page 9 Alphabetic symbol ordering
Relocatable symbols

      At line 153 in file startup_stm32l562xx_s.s
      At line 340 in file startup_stm32l562xx_s.s

GTZC_IRQHandler 00000032

Symbol: GTZC_IRQHandler
   Definitions
      At line 363 in file startup_stm32l562xx_s.s
   Uses
      At line 66 in file startup_stm32l562xx_s.s
      At line 255 in file startup_stm32l562xx_s.s

HASH_IRQHandler 00000032

Symbol: HASH_IRQHandler
   Definitions
      At line 449 in file startup_stm32l562xx_s.s
   Uses
      At line 154 in file startup_stm32l562xx_s.s
      At line 341 in file startup_stm32l562xx_s.s

HardFault_Handler 00000020

Symbol: HardFault_Handler
   Definitions
      At line 203 in file startup_stm32l562xx_s.s
   Uses
      At line 43 in file startup_stm32l562xx_s.s
      At line 204 in file startup_stm32l562xx_s.s

I2C1_ER_IRQHandler 00000032

Symbol: I2C1_ER_IRQHandler
   Definitions
      At line 411 in file startup_stm32l562xx_s.s
   Uses
      At line 114 in file startup_stm32l562xx_s.s
      At line 303 in file startup_stm32l562xx_s.s

I2C1_EV_IRQHandler 00000032

Symbol: I2C1_EV_IRQHandler
   Definitions
      At line 410 in file startup_stm32l562xx_s.s
   Uses
      At line 113 in file startup_stm32l562xx_s.s
      At line 302 in file startup_stm32l562xx_s.s

I2C2_ER_IRQHandler 00000032

Symbol: I2C2_ER_IRQHandler
   Definitions
      At line 413 in file startup_stm32l562xx_s.s
   Uses
      At line 116 in file startup_stm32l562xx_s.s
      At line 305 in file startup_stm32l562xx_s.s

I2C2_EV_IRQHandler 00000032




ARM Macro Assembler    Page 10 Alphabetic symbol ordering
Relocatable symbols

Symbol: I2C2_EV_IRQHandler
   Definitions
      At line 412 in file startup_stm32l562xx_s.s
   Uses
      At line 115 in file startup_stm32l562xx_s.s
      At line 304 in file startup_stm32l562xx_s.s

I2C3_ER_IRQHandler 00000032

Symbol: I2C3_ER_IRQHandler
   Definitions
      At line 442 in file startup_stm32l562xx_s.s
   Uses
      At line 147 in file startup_stm32l562xx_s.s
      At line 334 in file startup_stm32l562xx_s.s

I2C3_EV_IRQHandler 00000032

Symbol: I2C3_EV_IRQHandler
   Definitions
      At line 441 in file startup_stm32l562xx_s.s
   Uses
      At line 146 in file startup_stm32l562xx_s.s
      At line 333 in file startup_stm32l562xx_s.s

I2C4_ER_IRQHandler 00000032

Symbol: I2C4_ER_IRQHandler
   Definitions
      At line 453 in file startup_stm32l562xx_s.s
   Uses
      At line 158 in file startup_stm32l562xx_s.s
      At line 345 in file startup_stm32l562xx_s.s

I2C4_EV_IRQHandler 00000032

Symbol: I2C4_EV_IRQHandler
   Definitions
      At line 454 in file startup_stm32l562xx_s.s
   Uses
      At line 159 in file startup_stm32l562xx_s.s
      At line 346 in file startup_stm32l562xx_s.s

ICACHE_IRQHandler 00000032

Symbol: ICACHE_IRQHandler
   Definitions
      At line 460 in file startup_stm32l562xx_s.s
   Uses
      At line 165 in file startup_stm32l562xx_s.s
      At line 352 in file startup_stm32l562xx_s.s

LPTIM1_IRQHandler 00000032

Symbol: LPTIM1_IRQHandler
   Definitions
      At line 422 in file startup_stm32l562xx_s.s
   Uses
      At line 125 in file startup_stm32l562xx_s.s



ARM Macro Assembler    Page 11 Alphabetic symbol ordering
Relocatable symbols

      At line 314 in file startup_stm32l562xx_s.s

LPTIM2_IRQHandler 00000032

Symbol: LPTIM2_IRQHandler
   Definitions
      At line 423 in file startup_stm32l562xx_s.s
   Uses
      At line 126 in file startup_stm32l562xx_s.s
      At line 315 in file startup_stm32l562xx_s.s

LPTIM3_IRQHandler 00000032

Symbol: LPTIM3_IRQHandler
   Definitions
      At line 451 in file startup_stm32l562xx_s.s
   Uses
      At line 156 in file startup_stm32l562xx_s.s
      At line 343 in file startup_stm32l562xx_s.s

LPUART1_IRQHandler 00000032

Symbol: LPUART1_IRQHandler
   Definitions
      At line 421 in file startup_stm32l562xx_s.s
   Uses
      At line 124 in file startup_stm32l562xx_s.s
      At line 313 in file startup_stm32l562xx_s.s

MemManage_Handler 00000022

Symbol: MemManage_Handler
   Definitions
      At line 208 in file startup_stm32l562xx_s.s
   Uses
      At line 44 in file startup_stm32l562xx_s.s
      At line 209 in file startup_stm32l562xx_s.s

NMI_Handler 0000001E

Symbol: NMI_Handler
   Definitions
      At line 198 in file startup_stm32l562xx_s.s
   Uses
      At line 42 in file startup_stm32l562xx_s.s
      At line 199 in file startup_stm32l562xx_s.s

OCTOSPI1_IRQHandler 00000032

Symbol: OCTOSPI1_IRQHandler
   Definitions
      At line 431 in file startup_stm32l562xx_s.s
   Uses
      At line 134 in file startup_stm32l562xx_s.s
      At line 323 in file startup_stm32l562xx_s.s

OTFDEC1_IRQHandler 00000032

Symbol: OTFDEC1_IRQHandler



ARM Macro Assembler    Page 12 Alphabetic symbol ordering
Relocatable symbols

   Definitions
      At line 461 in file startup_stm32l562xx_s.s
   Uses
      At line 166 in file startup_stm32l562xx_s.s
      At line 353 in file startup_stm32l562xx_s.s

PKA_IRQHandler 00000032

Symbol: PKA_IRQHandler
   Definitions
      At line 450 in file startup_stm32l562xx_s.s
   Uses
      At line 155 in file startup_stm32l562xx_s.s
      At line 342 in file startup_stm32l562xx_s.s

PVD_PVM_IRQHandler 00000032

Symbol: PVD_PVM_IRQHandler
   Definitions
      At line 356 in file startup_stm32l562xx_s.s
   Uses
      At line 59 in file startup_stm32l562xx_s.s
      At line 248 in file startup_stm32l562xx_s.s

PendSV_Handler 0000002E

Symbol: PendSV_Handler
   Definitions
      At line 236 in file startup_stm32l562xx_s.s
   Uses
      At line 54 in file startup_stm32l562xx_s.s
      At line 237 in file startup_stm32l562xx_s.s

RCC_IRQHandler 00000032

Symbol: RCC_IRQHandler
   Definitions
      At line 364 in file startup_stm32l562xx_s.s
   Uses
      At line 67 in file startup_stm32l562xx_s.s
      At line 256 in file startup_stm32l562xx_s.s

RCC_S_IRQHandler 00000032

Symbol: RCC_S_IRQHandler
   Definitions
      At line 365 in file startup_stm32l562xx_s.s
   Uses
      At line 68 in file startup_stm32l562xx_s.s
      At line 257 in file startup_stm32l562xx_s.s

RNG_IRQHandler 00000032

Symbol: RNG_IRQHandler
   Definitions
      At line 447 in file startup_stm32l562xx_s.s
   Uses
      At line 152 in file startup_stm32l562xx_s.s
      At line 339 in file startup_stm32l562xx_s.s



ARM Macro Assembler    Page 13 Alphabetic symbol ordering
Relocatable symbols


RTC_IRQHandler 00000032

Symbol: RTC_IRQHandler
   Definitions
      At line 357 in file startup_stm32l562xx_s.s
   Uses
      At line 60 in file startup_stm32l562xx_s.s
      At line 249 in file startup_stm32l562xx_s.s

RTC_S_IRQHandler 00000032

Symbol: RTC_S_IRQHandler
   Definitions
      At line 358 in file startup_stm32l562xx_s.s
   Uses
      At line 61 in file startup_stm32l562xx_s.s
      At line 250 in file startup_stm32l562xx_s.s

Reset_Handler 00000000

Symbol: Reset_Handler
   Definitions
      At line 176 in file startup_stm32l562xx_s.s
   Uses
      At line 41 in file startup_stm32l562xx_s.s
      At line 177 in file startup_stm32l562xx_s.s

SAI1_IRQHandler 00000032

Symbol: SAI1_IRQHandler
   Definitions
      At line 443 in file startup_stm32l562xx_s.s
   Uses
      At line 148 in file startup_stm32l562xx_s.s
      At line 335 in file startup_stm32l562xx_s.s

SAI2_IRQHandler 00000032

Symbol: SAI2_IRQHandler
   Definitions
      At line 444 in file startup_stm32l562xx_s.s
   Uses
      At line 149 in file startup_stm32l562xx_s.s
      At line 336 in file startup_stm32l562xx_s.s

SDMMC1_IRQHandler 00000032

Symbol: SDMMC1_IRQHandler
   Definitions
      At line 432 in file startup_stm32l562xx_s.s
   Uses
      At line 136 in file startup_stm32l562xx_s.s
      At line 324 in file startup_stm32l562xx_s.s

SPI1_IRQHandler 00000032

Symbol: SPI1_IRQHandler
   Definitions



ARM Macro Assembler    Page 14 Alphabetic symbol ordering
Relocatable symbols

      At line 414 in file startup_stm32l562xx_s.s
   Uses
      At line 117 in file startup_stm32l562xx_s.s
      At line 306 in file startup_stm32l562xx_s.s

SPI2_IRQHandler 00000032

Symbol: SPI2_IRQHandler
   Definitions
      At line 415 in file startup_stm32l562xx_s.s
   Uses
      At line 118 in file startup_stm32l562xx_s.s
      At line 307 in file startup_stm32l562xx_s.s

SPI3_IRQHandler 00000032

Symbol: SPI3_IRQHandler
   Definitions
      At line 452 in file startup_stm32l562xx_s.s
   Uses
      At line 157 in file startup_stm32l562xx_s.s
      At line 344 in file startup_stm32l562xx_s.s

SVC_Handler 0000002A

Symbol: SVC_Handler
   Definitions
      At line 227 in file startup_stm32l562xx_s.s
   Uses
      At line 51 in file startup_stm32l562xx_s.s
      At line 228 in file startup_stm32l562xx_s.s

SecureFault_Handler 00000028

Symbol: SecureFault_Handler
   Definitions
      At line 223 in file startup_stm32l562xx_s.s
   Uses
      At line 47 in file startup_stm32l562xx_s.s
      At line 224 in file startup_stm32l562xx_s.s

SysTick_Handler 00000030

Symbol: SysTick_Handler
   Definitions
      At line 240 in file startup_stm32l562xx_s.s
   Uses
      At line 55 in file startup_stm32l562xx_s.s
      At line 241 in file startup_stm32l562xx_s.s

TAMP_IRQHandler 00000032

Symbol: TAMP_IRQHandler
   Definitions
      At line 359 in file startup_stm32l562xx_s.s
   Uses
      At line 62 in file startup_stm32l562xx_s.s
      At line 251 in file startup_stm32l562xx_s.s




ARM Macro Assembler    Page 15 Alphabetic symbol ordering
Relocatable symbols

TAMP_S_IRQHandler 00000032

Symbol: TAMP_S_IRQHandler
   Definitions
      At line 360 in file startup_stm32l562xx_s.s
   Uses
      At line 63 in file startup_stm32l562xx_s.s
      At line 252 in file startup_stm32l562xx_s.s

TIM15_IRQHandler 00000032

Symbol: TIM15_IRQHandler
   Definitions
      At line 424 in file startup_stm32l562xx_s.s
   Uses
      At line 127 in file startup_stm32l562xx_s.s
      At line 316 in file startup_stm32l562xx_s.s

TIM16_IRQHandler 00000032

Symbol: TIM16_IRQHandler
   Definitions
      At line 425 in file startup_stm32l562xx_s.s
   Uses
      At line 128 in file startup_stm32l562xx_s.s
      At line 317 in file startup_stm32l562xx_s.s

TIM17_IRQHandler 00000032

Symbol: TIM17_IRQHandler
   Definitions
      At line 426 in file startup_stm32l562xx_s.s
   Uses
      At line 129 in file startup_stm32l562xx_s.s
      At line 318 in file startup_stm32l562xx_s.s

TIM1_BRK_IRQHandler 00000032

Symbol: TIM1_BRK_IRQHandler
   Definitions
      At line 396 in file startup_stm32l562xx_s.s
   Uses
      At line 99 in file startup_stm32l562xx_s.s
      At line 288 in file startup_stm32l562xx_s.s

TIM1_CC_IRQHandler 00000032

Symbol: TIM1_CC_IRQHandler
   Definitions
      At line 399 in file startup_stm32l562xx_s.s
   Uses
      At line 102 in file startup_stm32l562xx_s.s
      At line 291 in file startup_stm32l562xx_s.s

TIM1_TRG_COM_IRQHandler 00000032

Symbol: TIM1_TRG_COM_IRQHandler
   Definitions
      At line 398 in file startup_stm32l562xx_s.s



ARM Macro Assembler    Page 16 Alphabetic symbol ordering
Relocatable symbols

   Uses
      At line 101 in file startup_stm32l562xx_s.s
      At line 290 in file startup_stm32l562xx_s.s

TIM1_UP_IRQHandler 00000032

Symbol: TIM1_UP_IRQHandler
   Definitions
      At line 397 in file startup_stm32l562xx_s.s
   Uses
      At line 100 in file startup_stm32l562xx_s.s
      At line 289 in file startup_stm32l562xx_s.s

TIM2_IRQHandler 00000032

Symbol: TIM2_IRQHandler
   Definitions
      At line 400 in file startup_stm32l562xx_s.s
   Uses
      At line 103 in file startup_stm32l562xx_s.s
      At line 292 in file startup_stm32l562xx_s.s

TIM3_IRQHandler 00000032

Symbol: TIM3_IRQHandler
   Definitions
      At line 401 in file startup_stm32l562xx_s.s
   Uses
      At line 104 in file startup_stm32l562xx_s.s
      At line 293 in file startup_stm32l562xx_s.s

TIM4_IRQHandler 00000032

Symbol: TIM4_IRQHandler
   Definitions
      At line 402 in file startup_stm32l562xx_s.s
   Uses
      At line 105 in file startup_stm32l562xx_s.s
      At line 294 in file startup_stm32l562xx_s.s

TIM5_IRQHandler 00000032

Symbol: TIM5_IRQHandler
   Definitions
      At line 403 in file startup_stm32l562xx_s.s
   Uses
      At line 106 in file startup_stm32l562xx_s.s
      At line 295 in file startup_stm32l562xx_s.s

TIM6_IRQHandler 00000032

Symbol: TIM6_IRQHandler
   Definitions
      At line 404 in file startup_stm32l562xx_s.s
   Uses
      At line 107 in file startup_stm32l562xx_s.s
      At line 296 in file startup_stm32l562xx_s.s

TIM7_IRQHandler 00000032



ARM Macro Assembler    Page 17 Alphabetic symbol ordering
Relocatable symbols


Symbol: TIM7_IRQHandler
   Definitions
      At line 405 in file startup_stm32l562xx_s.s
   Uses
      At line 108 in file startup_stm32l562xx_s.s
      At line 297 in file startup_stm32l562xx_s.s

TIM8_BRK_IRQHandler 00000032

Symbol: TIM8_BRK_IRQHandler
   Definitions
      At line 406 in file startup_stm32l562xx_s.s
   Uses
      At line 109 in file startup_stm32l562xx_s.s
      At line 298 in file startup_stm32l562xx_s.s

TIM8_CC_IRQHandler 00000032

Symbol: TIM8_CC_IRQHandler
   Definitions
      At line 409 in file startup_stm32l562xx_s.s
   Uses
      At line 112 in file startup_stm32l562xx_s.s
      At line 301 in file startup_stm32l562xx_s.s

TIM8_TRG_COM_IRQHandler 00000032

Symbol: TIM8_TRG_COM_IRQHandler
   Definitions
      At line 408 in file startup_stm32l562xx_s.s
   Uses
      At line 111 in file startup_stm32l562xx_s.s
      At line 300 in file startup_stm32l562xx_s.s

TIM8_UP_IRQHandler 00000032

Symbol: TIM8_UP_IRQHandler
   Definitions
      At line 407 in file startup_stm32l562xx_s.s
   Uses
      At line 110 in file startup_stm32l562xx_s.s
      At line 299 in file startup_stm32l562xx_s.s

TSC_IRQHandler 00000032

Symbol: TSC_IRQHandler
   Definitions
      At line 445 in file startup_stm32l562xx_s.s
   Uses
      At line 150 in file startup_stm32l562xx_s.s
      At line 337 in file startup_stm32l562xx_s.s

UART4_IRQHandler 00000032

Symbol: UART4_IRQHandler
   Definitions
      At line 419 in file startup_stm32l562xx_s.s
   Uses



ARM Macro Assembler    Page 18 Alphabetic symbol ordering
Relocatable symbols

      At line 122 in file startup_stm32l562xx_s.s
      At line 311 in file startup_stm32l562xx_s.s

UART5_IRQHandler 00000032

Symbol: UART5_IRQHandler
   Definitions
      At line 420 in file startup_stm32l562xx_s.s
   Uses
      At line 123 in file startup_stm32l562xx_s.s
      At line 312 in file startup_stm32l562xx_s.s

UCPD1_IRQHandler 00000032

Symbol: UCPD1_IRQHandler
   Definitions
      At line 459 in file startup_stm32l562xx_s.s
   Uses
      At line 164 in file startup_stm32l562xx_s.s
      At line 351 in file startup_stm32l562xx_s.s

USART1_IRQHandler 00000032

Symbol: USART1_IRQHandler
   Definitions
      At line 416 in file startup_stm32l562xx_s.s
   Uses
      At line 119 in file startup_stm32l562xx_s.s
      At line 308 in file startup_stm32l562xx_s.s

USART2_IRQHandler 00000032

Symbol: USART2_IRQHandler
   Definitions
      At line 417 in file startup_stm32l562xx_s.s
   Uses
      At line 120 in file startup_stm32l562xx_s.s
      At line 309 in file startup_stm32l562xx_s.s

USART3_IRQHandler 00000032

Symbol: USART3_IRQHandler
   Definitions
      At line 418 in file startup_stm32l562xx_s.s
   Uses
      At line 121 in file startup_stm32l562xx_s.s
      At line 310 in file startup_stm32l562xx_s.s

USB_FS_IRQHandler 00000032

Symbol: USB_FS_IRQHandler
   Definitions
      At line 428 in file startup_stm32l562xx_s.s
   Uses
      At line 131 in file startup_stm32l562xx_s.s
      At line 320 in file startup_stm32l562xx_s.s

UsageFault_Handler 00000026




ARM Macro Assembler    Page 19 Alphabetic symbol ordering
Relocatable symbols

Symbol: UsageFault_Handler
   Definitions
      At line 218 in file startup_stm32l562xx_s.s
   Uses
      At line 46 in file startup_stm32l562xx_s.s
      At line 219 in file startup_stm32l562xx_s.s

WWDG_IRQHandler 00000032

Symbol: WWDG_IRQHandler
   Definitions
      At line 355 in file startup_stm32l562xx_s.s
   Uses
      At line 58 in file startup_stm32l562xx_s.s
      At line 247 in file startup_stm32l562xx_s.s

120 symbols



ARM Macro Assembler    Page 1 Alphabetic symbol ordering
Absolute symbols

__Vectors_Size 000001F4

Symbol: __Vectors_Size
   Definitions
      At line 169 in file startup_stm32l562xx_s.s
   Uses
      At line 36 in file startup_stm32l562xx_s.s
Comment: __Vectors_Size used once
1 symbol



ARM Macro Assembler    Page 1 Alphabetic symbol ordering
External symbols

Image$$ARM_LIB_STACK$$ZI$$Limit 00000000

Symbol: Image$$ARM_LIB_STACK$$ZI$$Limit
   Definitions
      At line 28 in file startup_stm32l562xx_s.s
   Uses
      At line 188 in file startup_stm32l562xx_s.s
Comment: Image$$ARM_LIB_STACK$$ZI$$Limit used once
Image$$ARM_LIB_STACK_MSP$$ZI$$Limit 00000000

Symbol: Image$$ARM_LIB_STACK_MSP$$ZI$$Limit
   Definitions
      At line 27 in file startup_stm32l562xx_s.s
   Uses
      At line 40 in file startup_stm32l562xx_s.s
Comment: Image$$ARM_LIB_STACK_MSP$$ZI$$Limit used once
SystemInit 00000000

Symbol: SystemInit
   Definitions
      At line 178 in file startup_stm32l562xx_s.s
   Uses
      At line 182 in file startup_stm32l562xx_s.s
Comment: SystemInit used once
__main 00000000

Symbol: __main
   Definitions
      At line 179 in file startup_stm32l562xx_s.s
   Uses
      At line 192 in file startup_stm32l562xx_s.s
Comment: __main used once
4 symbols
463 symbols in table
