


ARM Macro Assembler    Page 1 


    1 00000000         ;*******************************************************
                       ************************
    2 00000000         ;* File Name          : startup_stm32l562xx.s
    3 00000000         ;* Author             : MCD Application Team
    4 00000000         ;* Description        : STM32L562xx Ultra Low Power devi
                       ces vector table for MDK-ARM toolchain.
    5 00000000         ;*                      This module performs:
    6 00000000         ;*                      - Set the initial SP
    7 00000000         ;*                      - Set the initial PC == Reset_Ha
                       ndler
    8 00000000         ;*                      - Set the vector table entries w
                       ith the exceptions ISR address
    9 00000000         ;*                      - Branches to __main in the C li
                       brary (which eventually
   10 00000000         ;*                        calls main()).
   11 00000000         ;*                      After Reset the Cortex-M33 proce
                       ssor is in Thread mode,
   12 00000000         ;*                      priority is Privileged, and the 
                       Stack is set to Main.
   13 00000000         ;* <<< Use Configuration Wizard in Context Menu >>>
   14 00000000         ;*******************************************************
                       ************************
   15 00000000         ;*
   16 00000000         ;* <h2><center>&copy; Copyright (c) 2019 STMicroelectron
                       ics.
   17 00000000         ;* All rights reserved.</center></h2>
   18 00000000         ;*
   19 00000000         ;* This software component is licensed by ST under Apach
                       e License, Version 2.0,
   20 00000000         ;* the "License"; You may not use this file except in co
                       mpliance with the
   21 00000000         ;* License. You may obtain a copy of the License at:
   22 00000000         ;*                        opensource.org/licenses/Apache
                       -2.0
   23 00000000         ;*
   24 00000000         ;*******************************************************
                       ************************
   25 00000000         ;
   26 00000000                 IMPORT           |Image$$ARM_LIB_STACK$$ZI$$Base
|
   27 00000000                 IMPORT           |Image$$ARM_LIB_STACK$$ZI$$Limi
t|
   28 00000000                 IMPORT           |Image$$ARM_LIB_HEAP$$ZI$$Base|
   29 00000000                 IMPORT           |Image$$ARM_LIB_HEAP$$ZI$$Limit
|
   30 00000000         
   31 00000000         
   32 00000000                 PRESERVE8
   33 00000000                 THUMB
   34 00000000         
   35 00000000         
   36 00000000         ; Vector Table Mapped to Address 0 at Reset
   37 00000000         
   38 00000000                 AREA             RESET, DATA, READONLY
   39 00000000                 EXPORT           __Vectors
   40 00000000                 EXPORT           __Vectors_End
   41 00000000                 EXPORT           __Vectors_Size
   42 00000000         
   43 00000000 00000000 



ARM Macro Assembler    Page 2 


                       __Vectors
                               DCD              |Image$$ARM_LIB_STACK$$ZI$$Limi
t| 
                                                            ; Top of Stack
   44 00000004 00000000        DCD              Reset_Handler ; Reset Handler
   45 00000008 00000000        DCD              NMI_Handler ; NMI Handler
   46 0000000C 00000000        DCD              HardFault_Handler ; Hard Fault 
                                                            Handler
   47 00000010 00000000        DCD              MemManage_Handler 
                                                            ; MPU Fault Handler
                                                            
   48 00000014 00000000        DCD              BusFault_Handler 
                                                            ; Bus Fault Handler
                                                            
   49 00000018 00000000        DCD              UsageFault_Handler ; Usage Faul
                                                            t Handler
   50 0000001C 00000000        DCD              SecureFault_Handler ; Secure Fa
                                                            ult Handler
   51 00000020 00000000        DCD              0           ; Reserved
   52 00000024 00000000        DCD              0           ; Reserved
   53 00000028 00000000        DCD              0           ; Reserved
   54 0000002C 00000000        DCD              SVC_Handler ; SVCall Handler
   55 00000030 00000000        DCD              DebugMon_Handler ; Debug Monito
                                                            r Handler
   56 00000034 00000000        DCD              0           ; Reserved
   57 00000038 00000000        DCD              PendSV_Handler ; PendSV Handler
                                                            
   58 0000003C 00000000        DCD              SysTick_Handler 
                                                            ; SysTick Handler
   59 00000040         
   60 00000040         ; External Interrupts
   61 00000040 00000000        DCD              WWDG_IRQHandler 
                                                            ; Window WatchDog
   62 00000044 00000000        DCD              PVD_PVM_IRQHandler ; PVD/PVM1/P
                                                            VM2/PVM3/PVM4 throu
                                                            gh EXTI Line detect
                                                            ion
   63 00000048 00000000        DCD              RTC_IRQHandler ; RTC non-secure
                                                             interrupts through
                                                             the EXTI line
   64 0000004C 00000000        DCD              RTC_S_IRQHandler ; RTC secure i
                                                            nterrupts through t
                                                            he EXTI line
   65 00000050 00000000        DCD              TAMP_IRQHandler ; Tamper non-se
                                                            cure interrupts thr
                                                            ough the EXTI line
   66 00000054 00000000        DCD              TAMP_S_IRQHandler ; Tamper secu
                                                            re interrupts throu
                                                            gh the EXTI line
   67 00000058 00000000        DCD              FLASH_IRQHandler ; FLASH non-se
                                                            cure interrupts
   68 0000005C 00000000        DCD              FLASH_S_IRQHandler ; FLASH secu
                                                            re global interrupt
                                                            s
   69 00000060 00000000        DCD              GTZC_IRQHandler ; GTZC global i
                                                            nterrupts
   70 00000064 00000000        DCD              RCC_IRQHandler ; RCC non-secure
                                                             global interrupts
   71 00000068 00000000        DCD              RCC_S_IRQHandler ; RCC secure g



ARM Macro Assembler    Page 3 


                                                            lobal interrupts
   72 0000006C 00000000        DCD              EXTI0_IRQHandler ; EXTI Line0
   73 00000070 00000000        DCD              EXTI1_IRQHandler ; EXTI Line1
   74 00000074 00000000        DCD              EXTI2_IRQHandler ; EXTI Line2
   75 00000078 00000000        DCD              EXTI3_IRQHandler ; EXTI Line3
   76 0000007C 00000000        DCD              EXTI4_IRQHandler ; EXTI Line4
   77 00000080 00000000        DCD              EXTI5_IRQHandler ; EXTI Line5
   78 00000084 00000000        DCD              EXTI6_IRQHandler ; EXTI Line6
   79 00000088 00000000        DCD              EXTI7_IRQHandler ; EXTI Line7
   80 0000008C 00000000        DCD              EXTI8_IRQHandler ; EXTI Line8
   81 00000090 00000000        DCD              EXTI9_IRQHandler ; EXTI Line9
   82 00000094 00000000        DCD              EXTI10_IRQHandler ; EXTI Line10
                                                            
   83 00000098 00000000        DCD              EXTI11_IRQHandler ; EXTI Line11
                                                            
   84 0000009C 00000000        DCD              EXTI12_IRQHandler ; EXTI Line12
                                                            
   85 000000A0 00000000        DCD              EXTI13_IRQHandler ; EXTI Line13
                                                            
   86 000000A4 00000000        DCD              EXTI14_IRQHandler ; EXTI Line14
                                                            
   87 000000A8 00000000        DCD              EXTI15_IRQHandler ; EXTI Line15
                                                            
   88 000000AC 00000000        DCD              DMAMUX1_IRQHandler ; DMAMUX1 no
                                                            n-secure
   89 000000B0 00000000        DCD              DMAMUX1_S_IRQHandler 
                                                            ; DMAMUX1 secure
   90 000000B4 00000000        DCD              DMA1_Channel1_IRQHandler 
                                                            ; DMA1 Channel 1
   91 000000B8 00000000        DCD              DMA1_Channel2_IRQHandler 
                                                            ; DMA1 Channel 2
   92 000000BC 00000000        DCD              DMA1_Channel3_IRQHandler 
                                                            ; DMA1 Channel 3
   93 000000C0 00000000        DCD              DMA1_Channel4_IRQHandler 
                                                            ; DMA1 Channel 4
   94 000000C4 00000000        DCD              DMA1_Channel5_IRQHandler 
                                                            ; DMA1 Channel 5
   95 000000C8 00000000        DCD              DMA1_Channel6_IRQHandler 
                                                            ; DMA1 Channel 6
   96 000000CC 00000000        DCD              DMA1_Channel7_IRQHandler 
                                                            ; DMA1 Channel 7
   97 000000D0 00000000        DCD              DMA1_Channel8_IRQHandler 
                                                            ; DMA1 Channel 8
   98 000000D4 00000000        DCD              ADC1_2_IRQHandler ; ADC1 & ADC2
                                                            
   99 000000D8 00000000        DCD              DAC_IRQHandler ; DAC1&2 underru
                                                            n errors
  100 000000DC 00000000        DCD              FDCAN1_IT0_IRQHandler ; FDCAN1 
                                                            Interrupt 0
  101 000000E0 00000000        DCD              FDCAN1_IT1_IRQHandler ; FDCAN1 
                                                            Interrupt 1
  102 000000E4 00000000        DCD              TIM1_BRK_IRQHandler 
                                                            ; TIM1 Break
  103 000000E8 00000000        DCD              TIM1_UP_IRQHandler 
                                                            ; TIM1 Update
  104 000000EC 00000000        DCD              TIM1_TRG_COM_IRQHandler ; TIM1 
                                                            Trigger and Commuta
                                                            tion
  105 000000F0 00000000        DCD              TIM1_CC_IRQHandler ; TIM1 Captu



ARM Macro Assembler    Page 4 


                                                            re Compare
  106 000000F4 00000000        DCD              TIM2_IRQHandler ; TIM2
  107 000000F8 00000000        DCD              TIM3_IRQHandler ; TIM3
  108 000000FC 00000000        DCD              TIM4_IRQHandler ; TIM4
  109 00000100 00000000        DCD              TIM5_IRQHandler ; TIM5
  110 00000104 00000000        DCD              TIM6_IRQHandler ; TIM6
  111 00000108 00000000        DCD              TIM7_IRQHandler ; TIM7
  112 0000010C 00000000        DCD              TIM8_BRK_IRQHandler 
                                                            ; TIM8 Break
  113 00000110 00000000        DCD              TIM8_UP_IRQHandler 
                                                            ; TIM8 Update
  114 00000114 00000000        DCD              TIM8_TRG_COM_IRQHandler ; TIM8 
                                                            Trigger and Commuta
                                                            tion
  115 00000118 00000000        DCD              TIM8_CC_IRQHandler ; TIM8 Captu
                                                            re Compare
  116 0000011C 00000000        DCD              I2C1_EV_IRQHandler ; I2C1 Event
                                                            
  117 00000120 00000000        DCD              I2C1_ER_IRQHandler ; I2C1 Error
                                                            
  118 00000124 00000000        DCD              I2C2_EV_IRQHandler ; I2C2 Event
                                                            
  119 00000128 00000000        DCD              I2C2_ER_IRQHandler ; I2C2 Error
                                                            
  120 0000012C 00000000        DCD              SPI1_IRQHandler ; SPI1
  121 00000130 00000000        DCD              SPI2_IRQHandler ; SPI2
  122 00000134 00000000        DCD              USART1_IRQHandler ; USART1
  123 00000138 00000000        DCD              USART2_IRQHandler ; USART2
  124 0000013C 00000000        DCD              USART3_IRQHandler ; USART3
  125 00000140 00000000        DCD              UART4_IRQHandler ; UART4
  126 00000144 00000000        DCD              UART5_IRQHandler ; UART5
  127 00000148 00000000        DCD              LPUART1_IRQHandler ; LP UART1
  128 0000014C 00000000        DCD              LPTIM1_IRQHandler ; LP TIM1
  129 00000150 00000000        DCD              LPTIM2_IRQHandler ; LP TIM2
  130 00000154 00000000        DCD              TIM15_IRQHandler ; TIM15
  131 00000158 00000000        DCD              TIM16_IRQHandler ; TIM16
  132 0000015C 00000000        DCD              TIM17_IRQHandler ; TIM17
  133 00000160 00000000        DCD              COMP_IRQHandler ; COMP1&2
  134 00000164 00000000        DCD              USB_FS_IRQHandler ; USB FS
  135 00000168 00000000        DCD              CRS_IRQHandler ; CRS
  136 0000016C 00000000        DCD              FMC_IRQHandler ; FMC
  137 00000170 00000000        DCD              OCTOSPI1_IRQHandler ; OctoSPI1 
                                                            global interrupt
  138 00000174 00000000        DCD              0           ; Reserved
  139 00000178 00000000        DCD              SDMMC1_IRQHandler ; SDMMC1
  140 0000017C 00000000        DCD              0           ; Reserved
  141 00000180 00000000        DCD              DMA2_Channel1_IRQHandler 
                                                            ; DMA2 Channel 1
  142 00000184 00000000        DCD              DMA2_Channel2_IRQHandler 
                                                            ; DMA2 Channel 2
  143 00000188 00000000        DCD              DMA2_Channel3_IRQHandler 
                                                            ; DMA2 Channel 3
  144 0000018C 00000000        DCD              DMA2_Channel4_IRQHandler 
                                                            ; DMA2 Channel 4
  145 00000190 00000000        DCD              DMA2_Channel5_IRQHandler 
                                                            ; DMA2 Channel 5
  146 00000194 00000000        DCD              DMA2_Channel6_IRQHandler 
                                                            ; DMA2 Channel 6
  147 00000198 00000000        DCD              DMA2_Channel7_IRQHandler 



ARM Macro Assembler    Page 5 


                                                            ; DMA2 Channel 7
  148 0000019C 00000000        DCD              DMA2_Channel8_IRQHandler 
                                                            ; DMA2 Channel 8
  149 000001A0 00000000        DCD              I2C3_EV_IRQHandler ; I2C3 event
                                                            
  150 000001A4 00000000        DCD              I2C3_ER_IRQHandler ; I2C3 error
                                                            
  151 000001A8 00000000        DCD              SAI1_IRQHandler ; Serial Audio 
                                                            Interface 1 global 
                                                            interrupt
  152 000001AC 00000000        DCD              SAI2_IRQHandler ; Serial Audio 
                                                            Interface 2 global 
                                                            interrupt
  153 000001B0 00000000        DCD              TSC_IRQHandler ; Touch Sense Co
                                                            ntroller global int
                                                            errupt
  154 000001B4 00000000        DCD              AES_IRQHandler ; AES global int
                                                            errupt
  155 000001B8 00000000        DCD              RNG_IRQHandler ; RNG global int
                                                            errupt
  156 000001BC 00000000        DCD              FPU_IRQHandler ; FPU
  157 000001C0 00000000        DCD              HASH_IRQHandler ; HASH
  158 000001C4 00000000        DCD              PKA_IRQHandler ; PKA
  159 000001C8 00000000        DCD              LPTIM3_IRQHandler ; LP TIM3
  160 000001CC 00000000        DCD              SPI3_IRQHandler ; SPI3
  161 000001D0 00000000        DCD              I2C4_ER_IRQHandler ; I2C4 error
                                                            
  162 000001D4 00000000        DCD              I2C4_EV_IRQHandler ; I2C4 event
                                                            
  163 000001D8 00000000        DCD              DFSDM1_FLT0_IRQHandler ; DFSDM1
                                                             Filter 0 global In
                                                            terrupt
  164 000001DC 00000000        DCD              DFSDM1_FLT1_IRQHandler ; DFSDM1
                                                             Filter 1 global In
                                                            terrupt
  165 000001E0 00000000        DCD              DFSDM1_FLT2_IRQHandler ; DFSDM1
                                                             Filter 2 global In
                                                            terrupt
  166 000001E4 00000000        DCD              DFSDM1_FLT3_IRQHandler ; DFSDM1
                                                             Filter 3 global In
                                                            terrupt
  167 000001E8 00000000        DCD              UCPD1_IRQHandler ; UCPD1
  168 000001EC 00000000        DCD              ICACHE_IRQHandler ; ICACHE
  169 000001F0 00000000        DCD              OTFDEC1_IRQHandler ; OTFDEC1
  170 000001F4         __Vectors_End
  171 000001F4         
  172 000001F4 000001F4 
                       __Vectors_Size
                               EQU              __Vectors_End - __Vectors
  173 000001F4         
  174 000001F4                 AREA             |.text|, CODE, READONLY
  175 00000000         
  176 00000000         
  177 00000000         ; Reset Handler
  178 00000000         
  179 00000000         Reset_Handler
                               PROC
  180 00000000                 EXPORT           Reset_Handler             [WEAK
]



ARM Macro Assembler    Page 6 


  181 00000000                 IMPORT           SystemInit
  182 00000000                 IMPORT           __main
  183 00000000 480A            LDR              R0, =SystemInit
  184 00000002 4780            BLX              R0
  185 00000004 480A            LDR              R0, =__main
  186 00000006 4700            BX               R0
  187 00000008                 ENDP
  188 00000008         
  189 00000008         
  190 00000008         ; Dummy Exception Handlers (infinite loops which can be 
                       modified)
  191 00000008         
  193 00000008         NMI_Handler
                               PROC
  194 00000008                 EXPORT           NMI_Handler               [WEAK
]
  195 00000008 E7FE            B                .
  196 0000000A                 ENDP
  198 0000000A         HardFault_Handler
                               PROC
  199 0000000A                 EXPORT           HardFault_Handler         [WEAK
]
  200 0000000A E7FE            B                .
  201 0000000C                 ENDP
  203 0000000C         MemManage_Handler
                               PROC
  204 0000000C                 EXPORT           MemManage_Handler         [WEAK
]
  205 0000000C E7FE            B                .
  206 0000000E                 ENDP
  208 0000000E         BusFault_Handler
                               PROC
  209 0000000E                 EXPORT           BusFault_Handler          [WEAK
]
  210 0000000E E7FE            B                .
  211 00000010                 ENDP
  213 00000010         UsageFault_Handler
                               PROC
  214 00000010                 EXPORT           UsageFault_Handler        [WEAK
]
  215 00000010 E7FE            B                .
  216 00000012                 ENDP
  218 00000012         SecureFault_Handler
                               PROC
  219 00000012                 EXPORT           SecureFault_Handler       [WEAK
]
  220 00000012 E7FE            B                .
  221 00000014                 ENDP
  223 00000014         SVC_Handler
                               PROC
  224 00000014                 EXPORT           SVC_Handler               [WEAK
]
  225 00000014 E7FE            B                .
  226 00000016                 ENDP
  228 00000016         DebugMon_Handler
                               PROC
  229 00000016                 EXPORT           DebugMon_Handler          [WEAK
]
  230 00000016 E7FE            B                .



ARM Macro Assembler    Page 7 


  231 00000018                 ENDP
  233 00000018         PendSV_Handler
                               PROC
  234 00000018                 EXPORT           PendSV_Handler            [WEAK
]
  235 00000018 E7FE            B                .
  236 0000001A                 ENDP
  238 0000001A         SysTick_Handler
                               PROC
  239 0000001A                 EXPORT           SysTick_Handler           [WEAK
]
  240 0000001A E7FE            B                .
  241 0000001C                 ENDP
  242 0000001C         
  243 0000001C         Default_Handler
                               PROC
  244 0000001C         
  245 0000001C                 EXPORT           WWDG_IRQHandler           [WEAK
]
  246 0000001C                 EXPORT           PVD_PVM_IRQHandler        [WEAK
]
  247 0000001C                 EXPORT           RTC_IRQHandler            [WEAK
]
  248 0000001C                 EXPORT           RTC_S_IRQHandler          [WEAK
]
  249 0000001C                 EXPORT           TAMP_IRQHandler           [WEAK
]
  250 0000001C                 EXPORT           TAMP_S_IRQHandler         [WEAK
]
  251 0000001C                 EXPORT           FLASH_IRQHandler          [WEAK
]
  252 0000001C                 EXPORT           FLASH_S_IRQHandler        [WEAK
]
  253 0000001C                 EXPORT           GTZC_IRQHandler           [WEAK
]
  254 0000001C                 EXPORT           RCC_IRQHandler            [WEAK
]
  255 0000001C                 EXPORT           RCC_S_IRQHandler          [WEAK
]
  256 0000001C                 EXPORT           EXTI0_IRQHandler          [WEAK
]
  257 0000001C                 EXPORT           EXTI1_IRQHandler          [WEAK
]
  258 0000001C                 EXPORT           EXTI2_IRQHandler          [WEAK
]
  259 0000001C                 EXPORT           EXTI3_IRQHandler          [WEAK
]
  260 0000001C                 EXPORT           EXTI4_IRQHandler          [WEAK
]
  261 0000001C                 EXPORT           EXTI5_IRQHandler          [WEAK
]
  262 0000001C                 EXPORT           EXTI6_IRQHandler          [WEAK
]
  263 0000001C                 EXPORT           EXTI7_IRQHandler          [WEAK
]
  264 0000001C                 EXPORT           EXTI8_IRQHandler          [WEAK
]
  265 0000001C                 EXPORT           EXTI9_IRQHandler          [WEAK
]



ARM Macro Assembler    Page 8 


  266 0000001C                 EXPORT           EXTI10_IRQHandler         [WEAK
]
  267 0000001C                 EXPORT           EXTI11_IRQHandler         [WEAK
]
  268 0000001C                 EXPORT           EXTI12_IRQHandler         [WEAK
]
  269 0000001C                 EXPORT           EXTI13_IRQHandler         [WEAK
]
  270 0000001C                 EXPORT           EXTI14_IRQHandler         [WEAK
]
  271 0000001C                 EXPORT           EXTI15_IRQHandler         [WEAK
]
  272 0000001C                 EXPORT           DMAMUX1_IRQHandler        [WEAK
]
  273 0000001C                 EXPORT           DMAMUX1_S_IRQHandler      [WEAK
]
  274 0000001C                 EXPORT           DMA1_Channel1_IRQHandler  [WEAK
]
  275 0000001C                 EXPORT           DMA1_Channel2_IRQHandler  [WEAK
]
  276 0000001C                 EXPORT           DMA1_Channel3_IRQHandler  [WEAK
]
  277 0000001C                 EXPORT           DMA1_Channel4_IRQHandler  [WEAK
]
  278 0000001C                 EXPORT           DMA1_Channel5_IRQHandler  [WEAK
]
  279 0000001C                 EXPORT           DMA1_Channel6_IRQHandler  [WEAK
]
  280 0000001C                 EXPORT           DMA1_Channel7_IRQHandler  [WEAK
]
  281 0000001C                 EXPORT           DMA1_Channel8_IRQHandler  [WEAK
]
  282 0000001C                 EXPORT           ADC1_2_IRQHandler         [WEAK
]
  283 0000001C                 EXPORT           DAC_IRQHandler            [WEAK
]
  284 0000001C                 EXPORT           FDCAN1_IT0_IRQHandler     [WEAK
]
  285 0000001C                 EXPORT           FDCAN1_IT1_IRQHandler     [WEAK
]
  286 0000001C                 EXPORT           TIM1_BRK_IRQHandler       [WEAK
]
  287 0000001C                 EXPORT           TIM1_UP_IRQHandler        [WEAK
]
  288 0000001C                 EXPORT           TIM1_TRG_COM_IRQHandler   [WEAK
]
  289 0000001C                 EXPORT           TIM1_CC_IRQHandler        [WEAK
]
  290 0000001C                 EXPORT           TIM2_IRQHandler           [WEAK
]
  291 0000001C                 EXPORT           TIM3_IRQHandler           [WEAK
]
  292 0000001C                 EXPORT           TIM4_IRQHandler           [WEAK
]
  293 0000001C                 EXPORT           TIM5_IRQHandler           [WEAK
]
  294 0000001C                 EXPORT           TIM6_IRQHandler           [WEAK
]
  295 0000001C                 EXPORT           TIM7_IRQHandler           [WEAK



ARM Macro Assembler    Page 9 


]
  296 0000001C                 EXPORT           TIM8_BRK_IRQHandler       [WEAK
]
  297 0000001C                 EXPORT           TIM8_UP_IRQHandler        [WEAK
]
  298 0000001C                 EXPORT           TIM8_TRG_COM_IRQHandler   [WEAK
]
  299 0000001C                 EXPORT           TIM8_CC_IRQHandler        [WEAK
]
  300 0000001C                 EXPORT           I2C1_EV_IRQHandler        [WEAK
]
  301 0000001C                 EXPORT           I2C1_ER_IRQHandler        [WEAK
]
  302 0000001C                 EXPORT           I2C2_EV_IRQHandler        [WEAK
]
  303 0000001C                 EXPORT           I2C2_ER_IRQHandler        [WEAK
]
  304 0000001C                 EXPORT           SPI1_IRQHandler           [WEAK
]
  305 0000001C                 EXPORT           SPI2_IRQHandler           [WEAK
]
  306 0000001C                 EXPORT           USART1_IRQHandler         [WEAK
]
  307 0000001C                 EXPORT           USART2_IRQHandler         [WEAK
]
  308 0000001C                 EXPORT           USART3_IRQHandler         [WEAK
]
  309 0000001C                 EXPORT           UART4_IRQHandler          [WEAK
]
  310 0000001C                 EXPORT           UART5_IRQHandler          [WEAK
]
  311 0000001C                 EXPORT           LPUART1_IRQHandler        [WEAK
]
  312 0000001C                 EXPORT           LPTIM1_IRQHandler         [WEAK
]
  313 0000001C                 EXPORT           LPTIM2_IRQHandler         [WEAK
]
  314 0000001C                 EXPORT           TIM15_IRQHandler          [WEAK
]
  315 0000001C                 EXPORT           TIM16_IRQHandler          [WEAK
]
  316 0000001C                 EXPORT           TIM17_IRQHandler          [WEAK
]
  317 0000001C                 EXPORT           COMP_IRQHandler           [WEAK
]
  318 0000001C                 EXPORT           USB_FS_IRQHandler         [WEAK
]
  319 0000001C                 EXPORT           CRS_IRQHandler            [WEAK
]
  320 0000001C                 EXPORT           FMC_IRQHandler            [WEAK
]
  321 0000001C                 EXPORT           OCTOSPI1_IRQHandler       [WEAK
]
  322 0000001C                 EXPORT           SDMMC1_IRQHandler         [WEAK
]
  323 0000001C                 EXPORT           DMA2_Channel1_IRQHandler  [WEAK
]
  324 0000001C                 EXPORT           DMA2_Channel2_IRQHandler  [WEAK
]



ARM Macro Assembler    Page 10 


  325 0000001C                 EXPORT           DMA2_Channel3_IRQHandler  [WEAK
]
  326 0000001C                 EXPORT           DMA2_Channel4_IRQHandler  [WEAK
]
  327 0000001C                 EXPORT           DMA2_Channel5_IRQHandler  [WEAK
]
  328 0000001C                 EXPORT           DMA2_Channel6_IRQHandler  [WEAK
]
  329 0000001C                 EXPORT           DMA2_Channel7_IRQHandler  [WEAK
]
  330 0000001C                 EXPORT           DMA2_Channel8_IRQHandler  [WEAK
]
  331 0000001C                 EXPORT           I2C3_EV_IRQHandler        [WEAK
]
  332 0000001C                 EXPORT           I2C3_ER_IRQHandler        [WEAK
]
  333 0000001C                 EXPORT           SAI1_IRQHandler           [WEAK
]
  334 0000001C                 EXPORT           SAI2_IRQHandler           [WEAK
]
  335 0000001C                 EXPORT           TSC_IRQHandler            [WEAK
]
  336 0000001C                 EXPORT           AES_IRQHandler            [WEAK
]
  337 0000001C                 EXPORT           RNG_IRQHandler            [WEAK
]
  338 0000001C                 EXPORT           FPU_IRQHandler            [WEAK
]
  339 0000001C                 EXPORT           HASH_IRQHandler           [WEAK
]
  340 0000001C                 EXPORT           PKA_IRQHandler            [WEAK
]
  341 0000001C                 EXPORT           LPTIM3_IRQHandler         [WEAK
]
  342 0000001C                 EXPORT           SPI3_IRQHandler           [WEAK
]
  343 0000001C                 EXPORT           I2C4_ER_IRQHandler        [WEAK
]
  344 0000001C                 EXPORT           I2C4_EV_IRQHandler        [WEAK
]
  345 0000001C                 EXPORT           DFSDM1_FLT0_IRQHandler    [WEAK
]
  346 0000001C                 EXPORT           DFSDM1_FLT1_IRQHandler    [WEAK
]
  347 0000001C                 EXPORT           DFSDM1_FLT2_IRQHandler    [WEAK
]
  348 0000001C                 EXPORT           DFSDM1_FLT3_IRQHandler    [WEAK
]
  349 0000001C                 EXPORT           UCPD1_IRQHandler          [WEAK
]
  350 0000001C                 EXPORT           ICACHE_IRQHandler         [WEAK
]
  351 0000001C                 EXPORT           OTFDEC1_IRQHandler        [WEAK
]
  352 0000001C         
  353 0000001C         WWDG_IRQHandler
  354 0000001C         PVD_PVM_IRQHandler
  355 0000001C         RTC_IRQHandler
  356 0000001C         RTC_S_IRQHandler



ARM Macro Assembler    Page 11 


  357 0000001C         TAMP_IRQHandler
  358 0000001C         TAMP_S_IRQHandler
  359 0000001C         FLASH_IRQHandler
  360 0000001C         FLASH_S_IRQHandler
  361 0000001C         GTZC_IRQHandler
  362 0000001C         RCC_IRQHandler
  363 0000001C         RCC_S_IRQHandler
  364 0000001C         EXTI0_IRQHandler
  365 0000001C         EXTI1_IRQHandler
  366 0000001C         EXTI2_IRQHandler
  367 0000001C         EXTI3_IRQHandler
  368 0000001C         EXTI4_IRQHandler
  369 0000001C         EXTI5_IRQHandler
  370 0000001C         EXTI6_IRQHandler
  371 0000001C         EXTI7_IRQHandler
  372 0000001C         EXTI8_IRQHandler
  373 0000001C         EXTI9_IRQHandler
  374 0000001C         EXTI10_IRQHandler
  375 0000001C         EXTI11_IRQHandler
  376 0000001C         EXTI12_IRQHandler
  377 0000001C         EXTI13_IRQHandler
  378 0000001C         EXTI14_IRQHandler
  379 0000001C         EXTI15_IRQHandler
  380 0000001C         DMAMUX1_IRQHandler
  381 0000001C         DMAMUX1_S_IRQHandler
  382 0000001C         DMA1_Channel1_IRQHandler
  383 0000001C         DMA1_Channel2_IRQHandler
  384 0000001C         DMA1_Channel3_IRQHandler
  385 0000001C         DMA1_Channel4_IRQHandler
  386 0000001C         DMA1_Channel5_IRQHandler
  387 0000001C         DMA1_Channel6_IRQHandler
  388 0000001C         DMA1_Channel7_IRQHandler
  389 0000001C         DMA1_Channel8_IRQHandler
  390 0000001C         ADC1_2_IRQHandler
  391 0000001C         DAC_IRQHandler
  392 0000001C         FDCAN1_IT0_IRQHandler
  393 0000001C         FDCAN1_IT1_IRQHandler
  394 0000001C         TIM1_BRK_IRQHandler
  395 0000001C         TIM1_UP_IRQHandler
  396 0000001C         TIM1_TRG_COM_IRQHandler
  397 0000001C         TIM1_CC_IRQHandler
  398 0000001C         TIM2_IRQHandler
  399 0000001C         TIM3_IRQHandler
  400 0000001C         TIM4_IRQHandler
  401 0000001C         TIM5_IRQHandler
  402 0000001C         TIM6_IRQHandler
  403 0000001C         TIM7_IRQHandler
  404 0000001C         TIM8_BRK_IRQHandler
  405 0000001C         TIM8_UP_IRQHandler
  406 0000001C         TIM8_TRG_COM_IRQHandler
  407 0000001C         TIM8_CC_IRQHandler
  408 0000001C         I2C1_EV_IRQHandler
  409 0000001C         I2C1_ER_IRQHandler
  410 0000001C         I2C2_EV_IRQHandler
  411 0000001C         I2C2_ER_IRQHandler
  412 0000001C         SPI1_IRQHandler
  413 0000001C         SPI2_IRQHandler
  414 0000001C         USART1_IRQHandler
  415 0000001C         USART2_IRQHandler



ARM Macro Assembler    Page 12 


  416 0000001C         USART3_IRQHandler
  417 0000001C         UART4_IRQHandler
  418 0000001C         UART5_IRQHandler
  419 0000001C         LPUART1_IRQHandler
  420 0000001C         LPTIM1_IRQHandler
  421 0000001C         LPTIM2_IRQHandler
  422 0000001C         TIM15_IRQHandler
  423 0000001C         TIM16_IRQHandler
  424 0000001C         TIM17_IRQHandler
  425 0000001C         COMP_IRQHandler
  426 0000001C         USB_FS_IRQHandler
  427 0000001C         CRS_IRQHandler
  428 0000001C         FMC_IRQHandler
  429 0000001C         OCTOSPI1_IRQHandler
  430 0000001C         SDMMC1_IRQHandler
  431 0000001C         DMA2_Channel1_IRQHandler
  432 0000001C         DMA2_Channel2_IRQHandler
  433 0000001C         DMA2_Channel3_IRQHandler
  434 0000001C         DMA2_Channel4_IRQHandler
  435 0000001C         DMA2_Channel5_IRQHandler
  436 0000001C         DMA2_Channel6_IRQHandler
  437 0000001C         DMA2_Channel7_IRQHandler
  438 0000001C         DMA2_Channel8_IRQHandler
  439 0000001C         I2C3_EV_IRQHandler
  440 0000001C         I2C3_ER_IRQHandler
  441 0000001C         SAI1_IRQHandler
  442 0000001C         SAI2_IRQHandler
  443 0000001C         TSC_IRQHandler
  444 0000001C         AES_IRQHandler
  445 0000001C         RNG_IRQHandler
  446 0000001C         FPU_IRQHandler
  447 0000001C         HASH_IRQHandler
  448 0000001C         PKA_IRQHandler
  449 0000001C         LPTIM3_IRQHandler
  450 0000001C         SPI3_IRQHandler
  451 0000001C         I2C4_ER_IRQHandler
  452 0000001C         I2C4_EV_IRQHandler
  453 0000001C         DFSDM1_FLT0_IRQHandler
  454 0000001C         DFSDM1_FLT1_IRQHandler
  455 0000001C         DFSDM1_FLT2_IRQHandler
  456 0000001C         DFSDM1_FLT3_IRQHandler
  457 0000001C         UCPD1_IRQHandler
  458 0000001C         ICACHE_IRQHandler
  459 0000001C         OTFDEC1_IRQHandler
  460 0000001C E7FE            B                .
  461 0000001E         
  462 0000001E                 ENDP
  463 0000001E         
  464 0000001E         
  465 0000001E 00 00           ALIGN
  466 00000020         
  467 00000020         ;*******************************************************
                       ************************
  468 00000020         ; User Stack and Heap initialization
  469 00000020         ;*******************************************************
                       ************************
  470 00000020                 IF               :DEF:__MICROLIB
  477 00000020         
  478 00000020                 IMPORT           __use_two_region_memory



ARM Macro Assembler    Page 13 


  479 00000020                 EXPORT           __user_initial_stackheap
  480 00000020         
  481 00000020         __user_initial_stackheap
                               PROC
  482 00000020 4804            LDR              R0, =  |Image$$ARM_LIB_STACK$$Z
I$$Base|
  483 00000022 4905            LDR              R1, = |Image$$ARM_LIB_STACK$$ZI
$$Limit|
  484 00000024 4A05            LDR              R2, = |Image$$ARM_LIB_HEAP$$ZI$
$Limit|
  485 00000026 4B06            LDR              R3, = |Image$$ARM_LIB_HEAP$$ZI$
$Base|
  486 00000028 4770            BX               LR
  487 0000002A 00 00           ALIGN
  488 0000002C         
  489 0000002C                 ENDIF
  490 0000002C         
  491 0000002C                 ALIGN
  492 0000002C                 ENDP
  493 0000002C         
  494 0000002C                 END
              00000000 
              00000000 
              00000000 
              00000000 
              00000000 
              00000000 
Command Line: --debug --xref --diag_suppress=9931 --cpu=Cortex-M33 --fpu=FPv5-S
P --depend=.\stm32l562e-dk_tfm_loader\exe\startup_stm32l562xx.d -o.\stm32l562e-
dk_tfm_loader\exe\startup_stm32l562xx.o -I"D:\Program Files (x86)\Keil\ARM\CMSI
S\Include" -IDrivers\CMSIS\Device\ST\STM32L5xx\Include --predefine="__UVISION_V
ERSION SETA 531" --list=startup_stm32l562xx.lst startup_stm32l562xx.s



ARM Macro Assembler    Page 1 Alphabetic symbol ordering
Relocatable symbols

RESET 00000000

Symbol: RESET
   Definitions
      At line 38 in file startup_stm32l562xx.s
   Uses
      None
Comment: RESET unused
__Vectors 00000000

Symbol: __Vectors
   Definitions
      At line 43 in file startup_stm32l562xx.s
   Uses
      At line 39 in file startup_stm32l562xx.s
      At line 172 in file startup_stm32l562xx.s

__Vectors_End 000001F4

Symbol: __Vectors_End
   Definitions
      At line 170 in file startup_stm32l562xx.s
   Uses
      At line 40 in file startup_stm32l562xx.s
      At line 172 in file startup_stm32l562xx.s

3 symbols



ARM Macro Assembler    Page 1 Alphabetic symbol ordering
Relocatable symbols

.text 00000000

Symbol: .text
   Definitions
      At line 174 in file startup_stm32l562xx.s
   Uses
      None
Comment: .text unused
ADC1_2_IRQHandler 0000001C

Symbol: ADC1_2_IRQHandler
   Definitions
      At line 390 in file startup_stm32l562xx.s
   Uses
      At line 98 in file startup_stm32l562xx.s
      At line 282 in file startup_stm32l562xx.s

AES_IRQHandler 0000001C

Symbol: AES_IRQHandler
   Definitions
      At line 444 in file startup_stm32l562xx.s
   Uses
      At line 154 in file startup_stm32l562xx.s
      At line 336 in file startup_stm32l562xx.s

BusFault_Handler 0000000E

Symbol: BusFault_Handler
   Definitions
      At line 208 in file startup_stm32l562xx.s
   Uses
      At line 48 in file startup_stm32l562xx.s
      At line 209 in file startup_stm32l562xx.s

COMP_IRQHandler 0000001C

Symbol: COMP_IRQHandler
   Definitions
      At line 425 in file startup_stm32l562xx.s
   Uses
      At line 133 in file startup_stm32l562xx.s
      At line 317 in file startup_stm32l562xx.s

CRS_IRQHandler 0000001C

Symbol: CRS_IRQHandler
   Definitions
      At line 427 in file startup_stm32l562xx.s
   Uses
      At line 135 in file startup_stm32l562xx.s
      At line 319 in file startup_stm32l562xx.s

DAC_IRQHandler 0000001C

Symbol: DAC_IRQHandler
   Definitions
      At line 391 in file startup_stm32l562xx.s
   Uses



ARM Macro Assembler    Page 2 Alphabetic symbol ordering
Relocatable symbols

      At line 99 in file startup_stm32l562xx.s
      At line 283 in file startup_stm32l562xx.s

DFSDM1_FLT0_IRQHandler 0000001C

Symbol: DFSDM1_FLT0_IRQHandler
   Definitions
      At line 453 in file startup_stm32l562xx.s
   Uses
      At line 163 in file startup_stm32l562xx.s
      At line 345 in file startup_stm32l562xx.s

DFSDM1_FLT1_IRQHandler 0000001C

Symbol: DFSDM1_FLT1_IRQHandler
   Definitions
      At line 454 in file startup_stm32l562xx.s
   Uses
      At line 164 in file startup_stm32l562xx.s
      At line 346 in file startup_stm32l562xx.s

DFSDM1_FLT2_IRQHandler 0000001C

Symbol: DFSDM1_FLT2_IRQHandler
   Definitions
      At line 455 in file startup_stm32l562xx.s
   Uses
      At line 165 in file startup_stm32l562xx.s
      At line 347 in file startup_stm32l562xx.s

DFSDM1_FLT3_IRQHandler 0000001C

Symbol: DFSDM1_FLT3_IRQHandler
   Definitions
      At line 456 in file startup_stm32l562xx.s
   Uses
      At line 166 in file startup_stm32l562xx.s
      At line 348 in file startup_stm32l562xx.s

DMA1_Channel1_IRQHandler 0000001C

Symbol: DMA1_Channel1_IRQHandler
   Definitions
      At line 382 in file startup_stm32l562xx.s
   Uses
      At line 90 in file startup_stm32l562xx.s
      At line 274 in file startup_stm32l562xx.s

DMA1_Channel2_IRQHandler 0000001C

Symbol: DMA1_Channel2_IRQHandler
   Definitions
      At line 383 in file startup_stm32l562xx.s
   Uses
      At line 91 in file startup_stm32l562xx.s
      At line 275 in file startup_stm32l562xx.s

DMA1_Channel3_IRQHandler 0000001C




ARM Macro Assembler    Page 3 Alphabetic symbol ordering
Relocatable symbols

Symbol: DMA1_Channel3_IRQHandler
   Definitions
      At line 384 in file startup_stm32l562xx.s
   Uses
      At line 92 in file startup_stm32l562xx.s
      At line 276 in file startup_stm32l562xx.s

DMA1_Channel4_IRQHandler 0000001C

Symbol: DMA1_Channel4_IRQHandler
   Definitions
      At line 385 in file startup_stm32l562xx.s
   Uses
      At line 93 in file startup_stm32l562xx.s
      At line 277 in file startup_stm32l562xx.s

DMA1_Channel5_IRQHandler 0000001C

Symbol: DMA1_Channel5_IRQHandler
   Definitions
      At line 386 in file startup_stm32l562xx.s
   Uses
      At line 94 in file startup_stm32l562xx.s
      At line 278 in file startup_stm32l562xx.s

DMA1_Channel6_IRQHandler 0000001C

Symbol: DMA1_Channel6_IRQHandler
   Definitions
      At line 387 in file startup_stm32l562xx.s
   Uses
      At line 95 in file startup_stm32l562xx.s
      At line 279 in file startup_stm32l562xx.s

DMA1_Channel7_IRQHandler 0000001C

Symbol: DMA1_Channel7_IRQHandler
   Definitions
      At line 388 in file startup_stm32l562xx.s
   Uses
      At line 96 in file startup_stm32l562xx.s
      At line 280 in file startup_stm32l562xx.s

DMA1_Channel8_IRQHandler 0000001C

Symbol: DMA1_Channel8_IRQHandler
   Definitions
      At line 389 in file startup_stm32l562xx.s
   Uses
      At line 97 in file startup_stm32l562xx.s
      At line 281 in file startup_stm32l562xx.s

DMA2_Channel1_IRQHandler 0000001C

Symbol: DMA2_Channel1_IRQHandler
   Definitions
      At line 431 in file startup_stm32l562xx.s
   Uses
      At line 141 in file startup_stm32l562xx.s



ARM Macro Assembler    Page 4 Alphabetic symbol ordering
Relocatable symbols

      At line 323 in file startup_stm32l562xx.s

DMA2_Channel2_IRQHandler 0000001C

Symbol: DMA2_Channel2_IRQHandler
   Definitions
      At line 432 in file startup_stm32l562xx.s
   Uses
      At line 142 in file startup_stm32l562xx.s
      At line 324 in file startup_stm32l562xx.s

DMA2_Channel3_IRQHandler 0000001C

Symbol: DMA2_Channel3_IRQHandler
   Definitions
      At line 433 in file startup_stm32l562xx.s
   Uses
      At line 143 in file startup_stm32l562xx.s
      At line 325 in file startup_stm32l562xx.s

DMA2_Channel4_IRQHandler 0000001C

Symbol: DMA2_Channel4_IRQHandler
   Definitions
      At line 434 in file startup_stm32l562xx.s
   Uses
      At line 144 in file startup_stm32l562xx.s
      At line 326 in file startup_stm32l562xx.s

DMA2_Channel5_IRQHandler 0000001C

Symbol: DMA2_Channel5_IRQHandler
   Definitions
      At line 435 in file startup_stm32l562xx.s
   Uses
      At line 145 in file startup_stm32l562xx.s
      At line 327 in file startup_stm32l562xx.s

DMA2_Channel6_IRQHandler 0000001C

Symbol: DMA2_Channel6_IRQHandler
   Definitions
      At line 436 in file startup_stm32l562xx.s
   Uses
      At line 146 in file startup_stm32l562xx.s
      At line 328 in file startup_stm32l562xx.s

DMA2_Channel7_IRQHandler 0000001C

Symbol: DMA2_Channel7_IRQHandler
   Definitions
      At line 437 in file startup_stm32l562xx.s
   Uses
      At line 147 in file startup_stm32l562xx.s
      At line 329 in file startup_stm32l562xx.s

DMA2_Channel8_IRQHandler 0000001C

Symbol: DMA2_Channel8_IRQHandler



ARM Macro Assembler    Page 5 Alphabetic symbol ordering
Relocatable symbols

   Definitions
      At line 438 in file startup_stm32l562xx.s
   Uses
      At line 148 in file startup_stm32l562xx.s
      At line 330 in file startup_stm32l562xx.s

DMAMUX1_IRQHandler 0000001C

Symbol: DMAMUX1_IRQHandler
   Definitions
      At line 380 in file startup_stm32l562xx.s
   Uses
      At line 88 in file startup_stm32l562xx.s
      At line 272 in file startup_stm32l562xx.s

DMAMUX1_S_IRQHandler 0000001C

Symbol: DMAMUX1_S_IRQHandler
   Definitions
      At line 381 in file startup_stm32l562xx.s
   Uses
      At line 89 in file startup_stm32l562xx.s
      At line 273 in file startup_stm32l562xx.s

DebugMon_Handler 00000016

Symbol: DebugMon_Handler
   Definitions
      At line 228 in file startup_stm32l562xx.s
   Uses
      At line 55 in file startup_stm32l562xx.s
      At line 229 in file startup_stm32l562xx.s

Default_Handler 0000001C

Symbol: Default_Handler
   Definitions
      At line 243 in file startup_stm32l562xx.s
   Uses
      None
Comment: Default_Handler unused
EXTI0_IRQHandler 0000001C

Symbol: EXTI0_IRQHandler
   Definitions
      At line 364 in file startup_stm32l562xx.s
   Uses
      At line 72 in file startup_stm32l562xx.s
      At line 256 in file startup_stm32l562xx.s

EXTI10_IRQHandler 0000001C

Symbol: EXTI10_IRQHandler
   Definitions
      At line 374 in file startup_stm32l562xx.s
   Uses
      At line 82 in file startup_stm32l562xx.s
      At line 266 in file startup_stm32l562xx.s




ARM Macro Assembler    Page 6 Alphabetic symbol ordering
Relocatable symbols

EXTI11_IRQHandler 0000001C

Symbol: EXTI11_IRQHandler
   Definitions
      At line 375 in file startup_stm32l562xx.s
   Uses
      At line 83 in file startup_stm32l562xx.s
      At line 267 in file startup_stm32l562xx.s

EXTI12_IRQHandler 0000001C

Symbol: EXTI12_IRQHandler
   Definitions
      At line 376 in file startup_stm32l562xx.s
   Uses
      At line 84 in file startup_stm32l562xx.s
      At line 268 in file startup_stm32l562xx.s

EXTI13_IRQHandler 0000001C

Symbol: EXTI13_IRQHandler
   Definitions
      At line 377 in file startup_stm32l562xx.s
   Uses
      At line 85 in file startup_stm32l562xx.s
      At line 269 in file startup_stm32l562xx.s

EXTI14_IRQHandler 0000001C

Symbol: EXTI14_IRQHandler
   Definitions
      At line 378 in file startup_stm32l562xx.s
   Uses
      At line 86 in file startup_stm32l562xx.s
      At line 270 in file startup_stm32l562xx.s

EXTI15_IRQHandler 0000001C

Symbol: EXTI15_IRQHandler
   Definitions
      At line 379 in file startup_stm32l562xx.s
   Uses
      At line 87 in file startup_stm32l562xx.s
      At line 271 in file startup_stm32l562xx.s

EXTI1_IRQHandler 0000001C

Symbol: EXTI1_IRQHandler
   Definitions
      At line 365 in file startup_stm32l562xx.s
   Uses
      At line 73 in file startup_stm32l562xx.s
      At line 257 in file startup_stm32l562xx.s

EXTI2_IRQHandler 0000001C

Symbol: EXTI2_IRQHandler
   Definitions
      At line 366 in file startup_stm32l562xx.s



ARM Macro Assembler    Page 7 Alphabetic symbol ordering
Relocatable symbols

   Uses
      At line 74 in file startup_stm32l562xx.s
      At line 258 in file startup_stm32l562xx.s

EXTI3_IRQHandler 0000001C

Symbol: EXTI3_IRQHandler
   Definitions
      At line 367 in file startup_stm32l562xx.s
   Uses
      At line 75 in file startup_stm32l562xx.s
      At line 259 in file startup_stm32l562xx.s

EXTI4_IRQHandler 0000001C

Symbol: EXTI4_IRQHandler
   Definitions
      At line 368 in file startup_stm32l562xx.s
   Uses
      At line 76 in file startup_stm32l562xx.s
      At line 260 in file startup_stm32l562xx.s

EXTI5_IRQHandler 0000001C

Symbol: EXTI5_IRQHandler
   Definitions
      At line 369 in file startup_stm32l562xx.s
   Uses
      At line 77 in file startup_stm32l562xx.s
      At line 261 in file startup_stm32l562xx.s

EXTI6_IRQHandler 0000001C

Symbol: EXTI6_IRQHandler
   Definitions
      At line 370 in file startup_stm32l562xx.s
   Uses
      At line 78 in file startup_stm32l562xx.s
      At line 262 in file startup_stm32l562xx.s

EXTI7_IRQHandler 0000001C

Symbol: EXTI7_IRQHandler
   Definitions
      At line 371 in file startup_stm32l562xx.s
   Uses
      At line 79 in file startup_stm32l562xx.s
      At line 263 in file startup_stm32l562xx.s

EXTI8_IRQHandler 0000001C

Symbol: EXTI8_IRQHandler
   Definitions
      At line 372 in file startup_stm32l562xx.s
   Uses
      At line 80 in file startup_stm32l562xx.s
      At line 264 in file startup_stm32l562xx.s

EXTI9_IRQHandler 0000001C



ARM Macro Assembler    Page 8 Alphabetic symbol ordering
Relocatable symbols


Symbol: EXTI9_IRQHandler
   Definitions
      At line 373 in file startup_stm32l562xx.s
   Uses
      At line 81 in file startup_stm32l562xx.s
      At line 265 in file startup_stm32l562xx.s

FDCAN1_IT0_IRQHandler 0000001C

Symbol: FDCAN1_IT0_IRQHandler
   Definitions
      At line 392 in file startup_stm32l562xx.s
   Uses
      At line 100 in file startup_stm32l562xx.s
      At line 284 in file startup_stm32l562xx.s

FDCAN1_IT1_IRQHandler 0000001C

Symbol: FDCAN1_IT1_IRQHandler
   Definitions
      At line 393 in file startup_stm32l562xx.s
   Uses
      At line 101 in file startup_stm32l562xx.s
      At line 285 in file startup_stm32l562xx.s

FLASH_IRQHandler 0000001C

Symbol: FLASH_IRQHandler
   Definitions
      At line 359 in file startup_stm32l562xx.s
   Uses
      At line 67 in file startup_stm32l562xx.s
      At line 251 in file startup_stm32l562xx.s

FLASH_S_IRQHandler 0000001C

Symbol: FLASH_S_IRQHandler
   Definitions
      At line 360 in file startup_stm32l562xx.s
   Uses
      At line 68 in file startup_stm32l562xx.s
      At line 252 in file startup_stm32l562xx.s

FMC_IRQHandler 0000001C

Symbol: FMC_IRQHandler
   Definitions
      At line 428 in file startup_stm32l562xx.s
   Uses
      At line 136 in file startup_stm32l562xx.s
      At line 320 in file startup_stm32l562xx.s

FPU_IRQHandler 0000001C

Symbol: FPU_IRQHandler
   Definitions
      At line 446 in file startup_stm32l562xx.s
   Uses



ARM Macro Assembler    Page 9 Alphabetic symbol ordering
Relocatable symbols

      At line 156 in file startup_stm32l562xx.s
      At line 338 in file startup_stm32l562xx.s

GTZC_IRQHandler 0000001C

Symbol: GTZC_IRQHandler
   Definitions
      At line 361 in file startup_stm32l562xx.s
   Uses
      At line 69 in file startup_stm32l562xx.s
      At line 253 in file startup_stm32l562xx.s

HASH_IRQHandler 0000001C

Symbol: HASH_IRQHandler
   Definitions
      At line 447 in file startup_stm32l562xx.s
   Uses
      At line 157 in file startup_stm32l562xx.s
      At line 339 in file startup_stm32l562xx.s

HardFault_Handler 0000000A

Symbol: HardFault_Handler
   Definitions
      At line 198 in file startup_stm32l562xx.s
   Uses
      At line 46 in file startup_stm32l562xx.s
      At line 199 in file startup_stm32l562xx.s

I2C1_ER_IRQHandler 0000001C

Symbol: I2C1_ER_IRQHandler
   Definitions
      At line 409 in file startup_stm32l562xx.s
   Uses
      At line 117 in file startup_stm32l562xx.s
      At line 301 in file startup_stm32l562xx.s

I2C1_EV_IRQHandler 0000001C

Symbol: I2C1_EV_IRQHandler
   Definitions
      At line 408 in file startup_stm32l562xx.s
   Uses
      At line 116 in file startup_stm32l562xx.s
      At line 300 in file startup_stm32l562xx.s

I2C2_ER_IRQHandler 0000001C

Symbol: I2C2_ER_IRQHandler
   Definitions
      At line 411 in file startup_stm32l562xx.s
   Uses
      At line 119 in file startup_stm32l562xx.s
      At line 303 in file startup_stm32l562xx.s

I2C2_EV_IRQHandler 0000001C




ARM Macro Assembler    Page 10 Alphabetic symbol ordering
Relocatable symbols

Symbol: I2C2_EV_IRQHandler
   Definitions
      At line 410 in file startup_stm32l562xx.s
   Uses
      At line 118 in file startup_stm32l562xx.s
      At line 302 in file startup_stm32l562xx.s

I2C3_ER_IRQHandler 0000001C

Symbol: I2C3_ER_IRQHandler
   Definitions
      At line 440 in file startup_stm32l562xx.s
   Uses
      At line 150 in file startup_stm32l562xx.s
      At line 332 in file startup_stm32l562xx.s

I2C3_EV_IRQHandler 0000001C

Symbol: I2C3_EV_IRQHandler
   Definitions
      At line 439 in file startup_stm32l562xx.s
   Uses
      At line 149 in file startup_stm32l562xx.s
      At line 331 in file startup_stm32l562xx.s

I2C4_ER_IRQHandler 0000001C

Symbol: I2C4_ER_IRQHandler
   Definitions
      At line 451 in file startup_stm32l562xx.s
   Uses
      At line 161 in file startup_stm32l562xx.s
      At line 343 in file startup_stm32l562xx.s

I2C4_EV_IRQHandler 0000001C

Symbol: I2C4_EV_IRQHandler
   Definitions
      At line 452 in file startup_stm32l562xx.s
   Uses
      At line 162 in file startup_stm32l562xx.s
      At line 344 in file startup_stm32l562xx.s

ICACHE_IRQHandler 0000001C

Symbol: ICACHE_IRQHandler
   Definitions
      At line 458 in file startup_stm32l562xx.s
   Uses
      At line 168 in file startup_stm32l562xx.s
      At line 350 in file startup_stm32l562xx.s

LPTIM1_IRQHandler 0000001C

Symbol: LPTIM1_IRQHandler
   Definitions
      At line 420 in file startup_stm32l562xx.s
   Uses
      At line 128 in file startup_stm32l562xx.s



ARM Macro Assembler    Page 11 Alphabetic symbol ordering
Relocatable symbols

      At line 312 in file startup_stm32l562xx.s

LPTIM2_IRQHandler 0000001C

Symbol: LPTIM2_IRQHandler
   Definitions
      At line 421 in file startup_stm32l562xx.s
   Uses
      At line 129 in file startup_stm32l562xx.s
      At line 313 in file startup_stm32l562xx.s

LPTIM3_IRQHandler 0000001C

Symbol: LPTIM3_IRQHandler
   Definitions
      At line 449 in file startup_stm32l562xx.s
   Uses
      At line 159 in file startup_stm32l562xx.s
      At line 341 in file startup_stm32l562xx.s

LPUART1_IRQHandler 0000001C

Symbol: LPUART1_IRQHandler
   Definitions
      At line 419 in file startup_stm32l562xx.s
   Uses
      At line 127 in file startup_stm32l562xx.s
      At line 311 in file startup_stm32l562xx.s

MemManage_Handler 0000000C

Symbol: MemManage_Handler
   Definitions
      At line 203 in file startup_stm32l562xx.s
   Uses
      At line 47 in file startup_stm32l562xx.s
      At line 204 in file startup_stm32l562xx.s

NMI_Handler 00000008

Symbol: NMI_Handler
   Definitions
      At line 193 in file startup_stm32l562xx.s
   Uses
      At line 45 in file startup_stm32l562xx.s
      At line 194 in file startup_stm32l562xx.s

OCTOSPI1_IRQHandler 0000001C

Symbol: OCTOSPI1_IRQHandler
   Definitions
      At line 429 in file startup_stm32l562xx.s
   Uses
      At line 137 in file startup_stm32l562xx.s
      At line 321 in file startup_stm32l562xx.s

OTFDEC1_IRQHandler 0000001C

Symbol: OTFDEC1_IRQHandler



ARM Macro Assembler    Page 12 Alphabetic symbol ordering
Relocatable symbols

   Definitions
      At line 459 in file startup_stm32l562xx.s
   Uses
      At line 169 in file startup_stm32l562xx.s
      At line 351 in file startup_stm32l562xx.s

PKA_IRQHandler 0000001C

Symbol: PKA_IRQHandler
   Definitions
      At line 448 in file startup_stm32l562xx.s
   Uses
      At line 158 in file startup_stm32l562xx.s
      At line 340 in file startup_stm32l562xx.s

PVD_PVM_IRQHandler 0000001C

Symbol: PVD_PVM_IRQHandler
   Definitions
      At line 354 in file startup_stm32l562xx.s
   Uses
      At line 62 in file startup_stm32l562xx.s
      At line 246 in file startup_stm32l562xx.s

PendSV_Handler 00000018

Symbol: PendSV_Handler
   Definitions
      At line 233 in file startup_stm32l562xx.s
   Uses
      At line 57 in file startup_stm32l562xx.s
      At line 234 in file startup_stm32l562xx.s

RCC_IRQHandler 0000001C

Symbol: RCC_IRQHandler
   Definitions
      At line 362 in file startup_stm32l562xx.s
   Uses
      At line 70 in file startup_stm32l562xx.s
      At line 254 in file startup_stm32l562xx.s

RCC_S_IRQHandler 0000001C

Symbol: RCC_S_IRQHandler
   Definitions
      At line 363 in file startup_stm32l562xx.s
   Uses
      At line 71 in file startup_stm32l562xx.s
      At line 255 in file startup_stm32l562xx.s

RNG_IRQHandler 0000001C

Symbol: RNG_IRQHandler
   Definitions
      At line 445 in file startup_stm32l562xx.s
   Uses
      At line 155 in file startup_stm32l562xx.s
      At line 337 in file startup_stm32l562xx.s



ARM Macro Assembler    Page 13 Alphabetic symbol ordering
Relocatable symbols


RTC_IRQHandler 0000001C

Symbol: RTC_IRQHandler
   Definitions
      At line 355 in file startup_stm32l562xx.s
   Uses
      At line 63 in file startup_stm32l562xx.s
      At line 247 in file startup_stm32l562xx.s

RTC_S_IRQHandler 0000001C

Symbol: RTC_S_IRQHandler
   Definitions
      At line 356 in file startup_stm32l562xx.s
   Uses
      At line 64 in file startup_stm32l562xx.s
      At line 248 in file startup_stm32l562xx.s

Reset_Handler 00000000

Symbol: Reset_Handler
   Definitions
      At line 179 in file startup_stm32l562xx.s
   Uses
      At line 44 in file startup_stm32l562xx.s
      At line 180 in file startup_stm32l562xx.s

SAI1_IRQHandler 0000001C

Symbol: SAI1_IRQHandler
   Definitions
      At line 441 in file startup_stm32l562xx.s
   Uses
      At line 151 in file startup_stm32l562xx.s
      At line 333 in file startup_stm32l562xx.s

SAI2_IRQHandler 0000001C

Symbol: SAI2_IRQHandler
   Definitions
      At line 442 in file startup_stm32l562xx.s
   Uses
      At line 152 in file startup_stm32l562xx.s
      At line 334 in file startup_stm32l562xx.s

SDMMC1_IRQHandler 0000001C

Symbol: SDMMC1_IRQHandler
   Definitions
      At line 430 in file startup_stm32l562xx.s
   Uses
      At line 139 in file startup_stm32l562xx.s
      At line 322 in file startup_stm32l562xx.s

SPI1_IRQHandler 0000001C

Symbol: SPI1_IRQHandler
   Definitions



ARM Macro Assembler    Page 14 Alphabetic symbol ordering
Relocatable symbols

      At line 412 in file startup_stm32l562xx.s
   Uses
      At line 120 in file startup_stm32l562xx.s
      At line 304 in file startup_stm32l562xx.s

SPI2_IRQHandler 0000001C

Symbol: SPI2_IRQHandler
   Definitions
      At line 413 in file startup_stm32l562xx.s
   Uses
      At line 121 in file startup_stm32l562xx.s
      At line 305 in file startup_stm32l562xx.s

SPI3_IRQHandler 0000001C

Symbol: SPI3_IRQHandler
   Definitions
      At line 450 in file startup_stm32l562xx.s
   Uses
      At line 160 in file startup_stm32l562xx.s
      At line 342 in file startup_stm32l562xx.s

SVC_Handler 00000014

Symbol: SVC_Handler
   Definitions
      At line 223 in file startup_stm32l562xx.s
   Uses
      At line 54 in file startup_stm32l562xx.s
      At line 224 in file startup_stm32l562xx.s

SecureFault_Handler 00000012

Symbol: SecureFault_Handler
   Definitions
      At line 218 in file startup_stm32l562xx.s
   Uses
      At line 50 in file startup_stm32l562xx.s
      At line 219 in file startup_stm32l562xx.s

SysTick_Handler 0000001A

Symbol: SysTick_Handler
   Definitions
      At line 238 in file startup_stm32l562xx.s
   Uses
      At line 58 in file startup_stm32l562xx.s
      At line 239 in file startup_stm32l562xx.s

TAMP_IRQHandler 0000001C

Symbol: TAMP_IRQHandler
   Definitions
      At line 357 in file startup_stm32l562xx.s
   Uses
      At line 65 in file startup_stm32l562xx.s
      At line 249 in file startup_stm32l562xx.s




ARM Macro Assembler    Page 15 Alphabetic symbol ordering
Relocatable symbols

TAMP_S_IRQHandler 0000001C

Symbol: TAMP_S_IRQHandler
   Definitions
      At line 358 in file startup_stm32l562xx.s
   Uses
      At line 66 in file startup_stm32l562xx.s
      At line 250 in file startup_stm32l562xx.s

TIM15_IRQHandler 0000001C

Symbol: TIM15_IRQHandler
   Definitions
      At line 422 in file startup_stm32l562xx.s
   Uses
      At line 130 in file startup_stm32l562xx.s
      At line 314 in file startup_stm32l562xx.s

TIM16_IRQHandler 0000001C

Symbol: TIM16_IRQHandler
   Definitions
      At line 423 in file startup_stm32l562xx.s
   Uses
      At line 131 in file startup_stm32l562xx.s
      At line 315 in file startup_stm32l562xx.s

TIM17_IRQHandler 0000001C

Symbol: TIM17_IRQHandler
   Definitions
      At line 424 in file startup_stm32l562xx.s
   Uses
      At line 132 in file startup_stm32l562xx.s
      At line 316 in file startup_stm32l562xx.s

TIM1_BRK_IRQHandler 0000001C

Symbol: TIM1_BRK_IRQHandler
   Definitions
      At line 394 in file startup_stm32l562xx.s
   Uses
      At line 102 in file startup_stm32l562xx.s
      At line 286 in file startup_stm32l562xx.s

TIM1_CC_IRQHandler 0000001C

Symbol: TIM1_CC_IRQHandler
   Definitions
      At line 397 in file startup_stm32l562xx.s
   Uses
      At line 105 in file startup_stm32l562xx.s
      At line 289 in file startup_stm32l562xx.s

TIM1_TRG_COM_IRQHandler 0000001C

Symbol: TIM1_TRG_COM_IRQHandler
   Definitions
      At line 396 in file startup_stm32l562xx.s



ARM Macro Assembler    Page 16 Alphabetic symbol ordering
Relocatable symbols

   Uses
      At line 104 in file startup_stm32l562xx.s
      At line 288 in file startup_stm32l562xx.s

TIM1_UP_IRQHandler 0000001C

Symbol: TIM1_UP_IRQHandler
   Definitions
      At line 395 in file startup_stm32l562xx.s
   Uses
      At line 103 in file startup_stm32l562xx.s
      At line 287 in file startup_stm32l562xx.s

TIM2_IRQHandler 0000001C

Symbol: TIM2_IRQHandler
   Definitions
      At line 398 in file startup_stm32l562xx.s
   Uses
      At line 106 in file startup_stm32l562xx.s
      At line 290 in file startup_stm32l562xx.s

TIM3_IRQHandler 0000001C

Symbol: TIM3_IRQHandler
   Definitions
      At line 399 in file startup_stm32l562xx.s
   Uses
      At line 107 in file startup_stm32l562xx.s
      At line 291 in file startup_stm32l562xx.s

TIM4_IRQHandler 0000001C

Symbol: TIM4_IRQHandler
   Definitions
      At line 400 in file startup_stm32l562xx.s
   Uses
      At line 108 in file startup_stm32l562xx.s
      At line 292 in file startup_stm32l562xx.s

TIM5_IRQHandler 0000001C

Symbol: TIM5_IRQHandler
   Definitions
      At line 401 in file startup_stm32l562xx.s
   Uses
      At line 109 in file startup_stm32l562xx.s
      At line 293 in file startup_stm32l562xx.s

TIM6_IRQHandler 0000001C

Symbol: TIM6_IRQHandler
   Definitions
      At line 402 in file startup_stm32l562xx.s
   Uses
      At line 110 in file startup_stm32l562xx.s
      At line 294 in file startup_stm32l562xx.s

TIM7_IRQHandler 0000001C



ARM Macro Assembler    Page 17 Alphabetic symbol ordering
Relocatable symbols


Symbol: TIM7_IRQHandler
   Definitions
      At line 403 in file startup_stm32l562xx.s
   Uses
      At line 111 in file startup_stm32l562xx.s
      At line 295 in file startup_stm32l562xx.s

TIM8_BRK_IRQHandler 0000001C

Symbol: TIM8_BRK_IRQHandler
   Definitions
      At line 404 in file startup_stm32l562xx.s
   Uses
      At line 112 in file startup_stm32l562xx.s
      At line 296 in file startup_stm32l562xx.s

TIM8_CC_IRQHandler 0000001C

Symbol: TIM8_CC_IRQHandler
   Definitions
      At line 407 in file startup_stm32l562xx.s
   Uses
      At line 115 in file startup_stm32l562xx.s
      At line 299 in file startup_stm32l562xx.s

TIM8_TRG_COM_IRQHandler 0000001C

Symbol: TIM8_TRG_COM_IRQHandler
   Definitions
      At line 406 in file startup_stm32l562xx.s
   Uses
      At line 114 in file startup_stm32l562xx.s
      At line 298 in file startup_stm32l562xx.s

TIM8_UP_IRQHandler 0000001C

Symbol: TIM8_UP_IRQHandler
   Definitions
      At line 405 in file startup_stm32l562xx.s
   Uses
      At line 113 in file startup_stm32l562xx.s
      At line 297 in file startup_stm32l562xx.s

TSC_IRQHandler 0000001C

Symbol: TSC_IRQHandler
   Definitions
      At line 443 in file startup_stm32l562xx.s
   Uses
      At line 153 in file startup_stm32l562xx.s
      At line 335 in file startup_stm32l562xx.s

UART4_IRQHandler 0000001C

Symbol: UART4_IRQHandler
   Definitions
      At line 417 in file startup_stm32l562xx.s
   Uses



ARM Macro Assembler    Page 18 Alphabetic symbol ordering
Relocatable symbols

      At line 125 in file startup_stm32l562xx.s
      At line 309 in file startup_stm32l562xx.s

UART5_IRQHandler 0000001C

Symbol: UART5_IRQHandler
   Definitions
      At line 418 in file startup_stm32l562xx.s
   Uses
      At line 126 in file startup_stm32l562xx.s
      At line 310 in file startup_stm32l562xx.s

UCPD1_IRQHandler 0000001C

Symbol: UCPD1_IRQHandler
   Definitions
      At line 457 in file startup_stm32l562xx.s
   Uses
      At line 167 in file startup_stm32l562xx.s
      At line 349 in file startup_stm32l562xx.s

USART1_IRQHandler 0000001C

Symbol: USART1_IRQHandler
   Definitions
      At line 414 in file startup_stm32l562xx.s
   Uses
      At line 122 in file startup_stm32l562xx.s
      At line 306 in file startup_stm32l562xx.s

USART2_IRQHandler 0000001C

Symbol: USART2_IRQHandler
   Definitions
      At line 415 in file startup_stm32l562xx.s
   Uses
      At line 123 in file startup_stm32l562xx.s
      At line 307 in file startup_stm32l562xx.s

USART3_IRQHandler 0000001C

Symbol: USART3_IRQHandler
   Definitions
      At line 416 in file startup_stm32l562xx.s
   Uses
      At line 124 in file startup_stm32l562xx.s
      At line 308 in file startup_stm32l562xx.s

USB_FS_IRQHandler 0000001C

Symbol: USB_FS_IRQHandler
   Definitions
      At line 426 in file startup_stm32l562xx.s
   Uses
      At line 134 in file startup_stm32l562xx.s
      At line 318 in file startup_stm32l562xx.s

UsageFault_Handler 00000010




ARM Macro Assembler    Page 19 Alphabetic symbol ordering
Relocatable symbols

Symbol: UsageFault_Handler
   Definitions
      At line 213 in file startup_stm32l562xx.s
   Uses
      At line 49 in file startup_stm32l562xx.s
      At line 214 in file startup_stm32l562xx.s

WWDG_IRQHandler 0000001C

Symbol: WWDG_IRQHandler
   Definitions
      At line 353 in file startup_stm32l562xx.s
   Uses
      At line 61 in file startup_stm32l562xx.s
      At line 245 in file startup_stm32l562xx.s

__user_initial_stackheap 00000020

Symbol: __user_initial_stackheap
   Definitions
      At line 481 in file startup_stm32l562xx.s
   Uses
      At line 479 in file startup_stm32l562xx.s
Comment: __user_initial_stackheap used once
121 symbols



ARM Macro Assembler    Page 1 Alphabetic symbol ordering
Absolute symbols

__Vectors_Size 000001F4

Symbol: __Vectors_Size
   Definitions
      At line 172 in file startup_stm32l562xx.s
   Uses
      At line 41 in file startup_stm32l562xx.s
Comment: __Vectors_Size used once
1 symbol



ARM Macro Assembler    Page 1 Alphabetic symbol ordering
External symbols

Image$$ARM_LIB_HEAP$$ZI$$Base 00000000

Symbol: Image$$ARM_LIB_HEAP$$ZI$$Base
   Definitions
      At line 28 in file startup_stm32l562xx.s
   Uses
      At line 485 in file startup_stm32l562xx.s
Comment: Image$$ARM_LIB_HEAP$$ZI$$Base used once
Image$$ARM_LIB_HEAP$$ZI$$Limit 00000000

Symbol: Image$$ARM_LIB_HEAP$$ZI$$Limit
   Definitions
      At line 29 in file startup_stm32l562xx.s
   Uses
      At line 484 in file startup_stm32l562xx.s
Comment: Image$$ARM_LIB_HEAP$$ZI$$Limit used once
Image$$ARM_LIB_STACK$$ZI$$Base 00000000

Symbol: Image$$ARM_LIB_STACK$$ZI$$Base
   Definitions
      At line 26 in file startup_stm32l562xx.s
   Uses
      At line 482 in file startup_stm32l562xx.s
Comment: Image$$ARM_LIB_STACK$$ZI$$Base used once
Image$$ARM_LIB_STACK$$ZI$$Limit 00000000

Symbol: Image$$ARM_LIB_STACK$$ZI$$Limit
   Definitions
      At line 27 in file startup_stm32l562xx.s
   Uses
      At line 43 in file startup_stm32l562xx.s
      At line 483 in file startup_stm32l562xx.s

SystemInit 00000000

Symbol: SystemInit
   Definitions
      At line 181 in file startup_stm32l562xx.s
   Uses
      At line 183 in file startup_stm32l562xx.s
Comment: SystemInit used once
__main 00000000

Symbol: __main
   Definitions
      At line 182 in file startup_stm32l562xx.s
   Uses
      At line 185 in file startup_stm32l562xx.s
Comment: __main used once
__use_two_region_memory 00000000

Symbol: __use_two_region_memory
   Definitions
      At line 478 in file startup_stm32l562xx.s
   Uses
      None
Comment: __use_two_region_memory unused
7 symbols
468 symbols in table
